
*** Running vivado
    with args -log candado_comp.vdi -applog -m64 -product Vivado -messageDb vivado.pb -mode batch -source candado_comp.tcl -notrace


****** Vivado v2019.1 (64-bit)
  **** SW Build 2552052 on Fri May 24 14:49:42 MDT 2019
  **** IP Build 2548770 on Fri May 24 18:01:18 MDT 2019
    ** Copyright 1986-2019 Xilinx, Inc. All Rights Reserved.

source candado_comp.tcl -notrace
Command: link_design -top candado_comp -part xc7a35tcpg236-1
Design is defaulting to srcset: sources_1
Design is defaulting to constrset: constrs_1
INFO: [Device 21-403] Loading part xc7a35tcpg236-1
INFO: [Netlist 29-17] Analyzing 6 Unisim elements for replacement
INFO: [Netlist 29-28] Unisim Transformation completed in 0 CPU seconds
INFO: [Project 1-479] Netlist was created with Vivado 2019.1
INFO: [Project 1-570] Preparing netlist for logic optimization
Parsing XDC File [C:/hlocal/candado_avanzado/candado_avanzado.srcs/constrs_1/imports/new/pins.xdc]
Finished Parsing XDC File [C:/hlocal/candado_avanzado/candado_avanzado.srcs/constrs_1/imports/new/pins.xdc]
INFO: [Opt 31-138] Pushed 0 inverter(s) to 0 load pin(s).
Netlist sorting complete. Time (s): cpu = 00:00:00 ; elapsed = 00:00:00 . Memory (MB): peak = 759.375 ; gain = 0.000
INFO: [Project 1-111] Unisim Transformation Summary:
No Unisim elements were transformed.

7 Infos, 0 Warnings, 0 Critical Warnings and 0 Errors encountered.
link_design completed successfully
link_design: Time (s): cpu = 00:00:05 ; elapsed = 00:00:06 . Memory (MB): peak = 763.383 ; gain = 384.055
Command: opt_design
Attempting to get a license for feature 'Implementation' and/or device 'xc7a35t'
INFO: [Common 17-349] Got license for feature 'Implementation' and/or device 'xc7a35t'
Running DRC as a precondition to command opt_design

Starting DRC Task
INFO: [DRC 23-27] Running DRC with 2 threads
INFO: [Project 1-461] DRC finished with 0 Errors
INFO: [Project 1-462] Please refer to the DRC report (report_drc) for more information.

Time (s): cpu = 00:00:01 ; elapsed = 00:00:00.466 . Memory (MB): peak = 782.344 ; gain = 18.961

Starting Cache Timing Information Task
INFO: [Timing 38-35] Done setting XDC timing constraints.
Ending Cache Timing Information Task | Checksum: 117d1668b

Time (s): cpu = 00:00:07 ; elapsed = 00:00:07 . Memory (MB): peak = 1321.328 ; gain = 538.984

Starting Logic Optimization Task

Phase 1 Retarget
INFO: [Opt 31-138] Pushed 0 inverter(s) to 0 load pin(s).
INFO: [Opt 31-49] Retargeted 0 cell(s).
Phase 1 Retarget | Checksum: 117d1668b

Time (s): cpu = 00:00:00 ; elapsed = 00:00:00.008 . Memory (MB): peak = 1463.250 ; gain = 0.000
INFO: [Opt 31-389] Phase Retarget created 0 cells and removed 0 cells

Phase 2 Constant propagation
INFO: [Opt 31-138] Pushed 0 inverter(s) to 0 load pin(s).
Phase 2 Constant propagation | Checksum: 117d1668b

Time (s): cpu = 00:00:00 ; elapsed = 00:00:00.009 . Memory (MB): peak = 1463.250 ; gain = 0.000
INFO: [Opt 31-389] Phase Constant propagation created 0 cells and removed 0 cells

Phase 3 Sweep
Phase 3 Sweep | Checksum: a9872887

Time (s): cpu = 00:00:00 ; elapsed = 00:00:00.012 . Memory (MB): peak = 1463.250 ; gain = 0.000
INFO: [Opt 31-389] Phase Sweep created 0 cells and removed 0 cells

Phase 4 BUFG optimization
Phase 4 BUFG optimization | Checksum: a9872887

Time (s): cpu = 00:00:00 ; elapsed = 00:00:00.015 . Memory (MB): peak = 1463.250 ; gain = 0.000
INFO: [Opt 31-662] Phase BUFG optimization created 0 cells of which 0 are BUFGs and removed 0 cells.

Phase 5 Shift Register Optimization
INFO: [Opt 31-1064] SRL Remap converted 0 SRLs to 0 registers and converted 0 registers of register chains to 0 SRLs
Phase 5 Shift Register Optimization | Checksum: a9872887

Time (s): cpu = 00:00:00 ; elapsed = 00:00:00.017 . Memory (MB): peak = 1463.250 ; gain = 0.000
INFO: [Opt 31-389] Phase Shift Register Optimization created 0 cells and removed 0 cells

Phase 6 Post Processing Netlist
Phase 6 Post Processing Netlist | Checksum: a9872887

Time (s): cpu = 00:00:00 ; elapsed = 00:00:00.018 . Memory (MB): peak = 1463.250 ; gain = 0.000
INFO: [Opt 31-389] Phase Post Processing Netlist created 0 cells and removed 0 cells
Opt_design Change Summary
=========================


-------------------------------------------------------------------------------------------------------------------------
|  Phase                        |  #Cells created  |  #Cells Removed  |  #Constrained objects preventing optimizations  |
-------------------------------------------------------------------------------------------------------------------------
|  Retarget                     |               0  |               0  |                                              0  |
|  Constant propagation         |               0  |               0  |                                              0  |
|  Sweep                        |               0  |               0  |                                              0  |
|  BUFG optimization            |               0  |               0  |                                              0  |
|  Shift Register Optimization  |               0  |               0  |                                              0  |
|  Post Processing Netlist      |               0  |               0  |                                              0  |
-------------------------------------------------------------------------------------------------------------------------



Starting Connectivity Check Task

Time (s): cpu = 00:00:00 ; elapsed = 00:00:00 . Memory (MB): peak = 1463.250 ; gain = 0.000
Ending Logic Optimization Task | Checksum: 191d0f3b2

Time (s): cpu = 00:00:00 ; elapsed = 00:00:00.023 . Memory (MB): peak = 1463.250 ; gain = 0.000

Starting Power Optimization Task
INFO: [Pwropt 34-132] Skipping clock gating for clocks with a period < 2.00 ns.
Ending Power Optimization Task | Checksum: 191d0f3b2

Time (s): cpu = 00:00:00 ; elapsed = 00:00:00.006 . Memory (MB): peak = 1463.250 ; gain = 0.000

Starting Final Cleanup Task
Ending Final Cleanup Task | Checksum: 191d0f3b2

Time (s): cpu = 00:00:00 ; elapsed = 00:00:00 . Memory (MB): peak = 1463.250 ; gain = 0.000

Starting Netlist Obfuscation Task
Netlist sorting complete. Time (s): cpu = 00:00:00 ; elapsed = 00:00:00 . Memory (MB): peak = 1463.250 ; gain = 0.000
Ending Netlist Obfuscation Task | Checksum: 191d0f3b2

Time (s): cpu = 00:00:00 ; elapsed = 00:00:00 . Memory (MB): peak = 1463.250 ; gain = 0.000
INFO: [Common 17-83] Releasing license: Implementation
24 Infos, 0 Warnings, 0 Critical Warnings and 0 Errors encountered.
opt_design completed successfully
opt_design: Time (s): cpu = 00:00:09 ; elapsed = 00:00:09 . Memory (MB): peak = 1463.250 ; gain = 699.867
Netlist sorting complete. Time (s): cpu = 00:00:00 ; elapsed = 00:00:00 . Memory (MB): peak = 1463.250 ; gain = 0.000
INFO: [Timing 38-480] Writing timing data to binary archive.
Writing placer database...
Writing XDEF routing.
Writing XDEF routing logical nets.
Writing XDEF routing special nets.
Write XDEF Complete: Time (s): cpu = 00:00:00 ; elapsed = 00:00:00.028 . Memory (MB): peak = 1463.250 ; gain = 0.000
INFO: [Common 17-1381] The checkpoint 'C:/hlocal/candado_avanzado/candado_avanzado.runs/impl_1/candado_comp_opt.dcp' has been generated.
INFO: [runtcl-4] Executing : report_drc -file candado_comp_drc_opted.rpt -pb candado_comp_drc_opted.pb -rpx candado_comp_drc_opted.rpx
Command: report_drc -file candado_comp_drc_opted.rpt -pb candado_comp_drc_opted.pb -rpx candado_comp_drc_opted.rpx
INFO: [IP_Flow 19-234] Refreshing IP repositories
INFO: [IP_Flow 19-1704] No user IP repositories specified
INFO: [IP_Flow 19-2313] Loaded Vivado IP repository 'C:/software/electronica/xilinx/Vivado/2019.1/data/ip'.
INFO: [DRC 23-27] Running DRC with 2 threads
INFO: [Coretcl 2-168] The results of DRC are in file C:/hlocal/candado_avanzado/candado_avanzado.runs/impl_1/candado_comp_drc_opted.rpt.
report_drc completed successfully
Command: place_design
Attempting to get a license for feature 'Implementation' and/or device 'xc7a35t'
INFO: [Common 17-349] Got license for feature 'Implementation' and/or device 'xc7a35t'
INFO: [DRC 23-27] Running DRC with 2 threads
INFO: [Vivado_Tcl 4-198] DRC finished with 0 Errors
INFO: [Vivado_Tcl 4-199] Please refer to the DRC report (report_drc) for more information.
Running DRC as a precondition to command place_design
INFO: [DRC 23-27] Running DRC with 2 threads
INFO: [Vivado_Tcl 4-198] DRC finished with 0 Errors
INFO: [Vivado_Tcl 4-199] Please refer to the DRC report (report_drc) for more information.

Starting Placer Task
INFO: [Place 30-611] Multithreading enabled for place_design using a maximum of 2 CPUs

Phase 1 Placer Initialization

Phase 1.1 Placer Initialization Netlist Sorting
Netlist sorting complete. Time (s): cpu = 00:00:00 ; elapsed = 00:00:00 . Memory (MB): peak = 1463.250 ; gain = 0.000
Phase 1.1 Placer Initialization Netlist Sorting | Checksum: 112b70e95

Time (s): cpu = 00:00:00 ; elapsed = 00:00:00.003 . Memory (MB): peak = 1463.250 ; gain = 0.000
Netlist sorting complete. Time (s): cpu = 00:00:00 ; elapsed = 00:00:00 . Memory (MB): peak = 1463.250 ; gain = 0.000

Phase 1.2 IO Placement/ Clock Placement/ Build Placer Device
INFO: [Timing 38-35] Done setting XDC timing constraints.
Phase 1.2 IO Placement/ Clock Placement/ Build Placer Device | Checksum: f03866eb

Time (s): cpu = 00:00:00 ; elapsed = 00:00:00.424 . Memory (MB): peak = 1463.250 ; gain = 0.000

Phase 1.3 Build Placer Netlist Model
Phase 1.3 Build Placer Netlist Model | Checksum: 1e149abfb

Time (s): cpu = 00:00:01 ; elapsed = 00:00:00.492 . Memory (MB): peak = 1463.250 ; gain = 0.000

Phase 1.4 Constrain Clocks/Macros
Phase 1.4 Constrain Clocks/Macros | Checksum: 1e149abfb

Time (s): cpu = 00:00:01 ; elapsed = 00:00:00.493 . Memory (MB): peak = 1463.250 ; gain = 0.000
Phase 1 Placer Initialization | Checksum: 1e149abfb

Time (s): cpu = 00:00:01 ; elapsed = 00:00:00.493 . Memory (MB): peak = 1463.250 ; gain = 0.000

Phase 2 Global Placement

Phase 2.1 Floorplanning
Phase 2.1 Floorplanning | Checksum: 107677d16

Time (s): cpu = 00:00:01 ; elapsed = 00:00:00.561 . Memory (MB): peak = 1463.250 ; gain = 0.000

Phase 2.2 Global Placement Core

Phase 2.2.1 Physical Synthesis In Placer
INFO: [Physopt 32-65] No nets found for high-fanout optimization.
INFO: [Physopt 32-232] Optimized 0 net. Created 0 new instance.
INFO: [Physopt 32-775] End 1 Pass. Optimized 0 net or cell. Created 0 new cell, deleted 0 existing cell and moved 0 existing cell
INFO: [Physopt 32-670] No setup violation found.  DSP Register Optimization was not performed.
INFO: [Physopt 32-670] No setup violation found.  Shift Register Optimization was not performed.
INFO: [Physopt 32-670] No setup violation found.  BRAM Register Optimization was not performed.
INFO: [Physopt 32-949] No candidate nets found for HD net replication
INFO: [Physopt 32-775] End 1 Pass. Optimized 0 net or cell. Created 0 new cell, deleted 0 existing cell and moved 0 existing cell
Netlist sorting complete. Time (s): cpu = 00:00:00 ; elapsed = 00:00:00.001 . Memory (MB): peak = 1463.250 ; gain = 0.000

Summary of Physical Synthesis Optimizations
============================================


----------------------------------------------------------------------------------------------------------------------------------------
|  Optimization                  |  Added Cells  |  Removed Cells  |  Optimized Cells/Nets  |  Dont Touch  |  Iterations  |  Elapsed   |
----------------------------------------------------------------------------------------------------------------------------------------
|  Very High Fanout              |            0  |              0  |                     0  |           0  |           1  |  00:00:00  |
|  DSP Register                  |            0  |              0  |                     0  |           0  |           0  |  00:00:00  |
|  Shift Register                |            0  |              0  |                     0  |           0  |           0  |  00:00:00  |
|  BRAM Register                 |            0  |              0  |                     0  |           0  |           0  |  00:00:00  |
|  HD Interface Net Replication  |            0  |              0  |                     0  |           0  |           1  |  00:00:00  |
|  Total                         |            0  |              0  |                     0  |           0  |           2  |  00:00:00  |
----------------------------------------------------------------------------------------------------------------------------------------


Phase 2.2.1 Physical Synthesis In Placer | Checksum: f8e0adbf

Time (s): cpu = 00:00:01 ; elapsed = 00:00:01 . Memory (MB): peak = 1463.250 ; gain = 0.000
Phase 2.2 Global Placement Core | Checksum: 12c1140e2

Time (s): cpu = 00:00:02 ; elapsed = 00:00:01 . Memory (MB): peak = 1463.250 ; gain = 0.000
Phase 2 Global Placement | Checksum: 12c1140e2

Time (s): cpu = 00:00:02 ; elapsed = 00:00:01 . Memory (MB): peak = 1463.250 ; gain = 0.000

Phase 3 Detail Placement

Phase 3.1 Commit Multi Column Macros
Phase 3.1 Commit Multi Column Macros | Checksum: 1632423c3

Time (s): cpu = 00:00:02 ; elapsed = 00:00:01 . Memory (MB): peak = 1463.250 ; gain = 0.000

Phase 3.2 Commit Most Macros & LUTRAMs
Phase 3.2 Commit Most Macros & LUTRAMs | Checksum: 15f46f46d

Time (s): cpu = 00:00:02 ; elapsed = 00:00:01 . Memory (MB): peak = 1463.250 ; gain = 0.000

Phase 3.3 Area Swap Optimization
Phase 3.3 Area Swap Optimization | Checksum: 16298042d

Time (s): cpu = 00:00:02 ; elapsed = 00:00:01 . Memory (MB): peak = 1463.250 ; gain = 0.000

Phase 3.4 Pipeline Register Optimization
Phase 3.4 Pipeline Register Optimization | Checksum: 1aab59b0b

Time (s): cpu = 00:00:02 ; elapsed = 00:00:01 . Memory (MB): peak = 1463.250 ; gain = 0.000

Phase 3.5 Small Shape Detail Placement
Phase 3.5 Small Shape Detail Placement | Checksum: 239673232

Time (s): cpu = 00:00:02 ; elapsed = 00:00:01 . Memory (MB): peak = 1463.250 ; gain = 0.000

Phase 3.6 Re-assign LUT pins
Phase 3.6 Re-assign LUT pins | Checksum: 15161d1da

Time (s): cpu = 00:00:02 ; elapsed = 00:00:01 . Memory (MB): peak = 1463.250 ; gain = 0.000

Phase 3.7 Pipeline Register Optimization
Phase 3.7 Pipeline Register Optimization | Checksum: 119442ff8

Time (s): cpu = 00:00:02 ; elapsed = 00:00:01 . Memory (MB): peak = 1463.250 ; gain = 0.000
Phase 3 Detail Placement | Checksum: 119442ff8

Time (s): cpu = 00:00:02 ; elapsed = 00:00:01 . Memory (MB): peak = 1463.250 ; gain = 0.000

Phase 4 Post Placement Optimization and Clean-Up

Phase 4.1 Post Commit Optimization
INFO: [Timing 38-35] Done setting XDC timing constraints.

Phase 4.1.1 Post Placement Optimization
Post Placement Optimization Initialization | Checksum: 1bb325b95

Phase 4.1.1.1 BUFG Insertion
INFO: [Place 46-56] BUFG insertion identified 0 candidate nets. Inserted BUFG: 0, Replicated BUFG Driver: 0, Skipped due to Placement/Routing Conflicts: 0, Skipped due to Timing Degradation: 0, Skipped due to Illegal Netlist: 0.
Phase 4.1.1.1 BUFG Insertion | Checksum: 1bb325b95

Time (s): cpu = 00:00:02 ; elapsed = 00:00:01 . Memory (MB): peak = 1469.941 ; gain = 6.691
INFO: [Place 30-746] Post Placement Timing Summary WNS=5.898. For the most accurate timing information please run report_timing.
Phase 4.1.1 Post Placement Optimization | Checksum: c9a9b5be

Time (s): cpu = 00:00:02 ; elapsed = 00:00:01 . Memory (MB): peak = 1469.941 ; gain = 6.691
Phase 4.1 Post Commit Optimization | Checksum: c9a9b5be

Time (s): cpu = 00:00:02 ; elapsed = 00:00:01 . Memory (MB): peak = 1469.941 ; gain = 6.691

Phase 4.2 Post Placement Cleanup
Phase 4.2 Post Placement Cleanup | Checksum: c9a9b5be

Time (s): cpu = 00:00:02 ; elapsed = 00:00:01 . Memory (MB): peak = 1469.941 ; gain = 6.691

Phase 4.3 Placer Reporting
Phase 4.3 Placer Reporting | Checksum: c9a9b5be

Time (s): cpu = 00:00:02 ; elapsed = 00:00:01 . Memory (MB): peak = 1469.941 ; gain = 6.691

Phase 4.4 Final Placement Cleanup
Netlist sorting complete. Time (s): cpu = 00:00:00 ; elapsed = 00:00:00 . Memory (MB): peak = 1469.941 ; gain = 0.000
Phase 4.4 Final Placement Cleanup | Checksum: 252a3459

Time (s): cpu = 00:00:02 ; elapsed = 00:00:01 . Memory (MB): peak = 1469.941 ; gain = 6.691
Phase 4 Post Placement Optimization and Clean-Up | Checksum: 252a3459

Time (s): cpu = 00:00:02 ; elapsed = 00:00:01 . Memory (MB): peak = 1469.941 ; gain = 6.691
Ending Placer Task | Checksum: 2096c84e

Time (s): cpu = 00:00:02 ; elapsed = 00:00:01 . Memory (MB): peak = 1469.941 ; gain = 6.691
INFO: [Common 17-83] Releasing license: Implementation
53 Infos, 0 Warnings, 0 Critical Warnings and 0 Errors encountered.
place_design completed successfully
Netlist sorting complete. Time (s): cpu = 00:00:00 ; elapsed = 00:00:00 . Memory (MB): peak = 1469.941 ; gain = 0.000
INFO: [Timing 38-480] Writing timing data to binary archive.
Writing placer database...
Writing XDEF routing.
Writing XDEF routing logical nets.
Writing XDEF routing special nets.
Write XDEF Complete: Time (s): cpu = 00:00:00 ; elapsed = 00:00:00.032 . Memory (MB): peak = 1469.980 ; gain = 0.039
INFO: [Common 17-1381] The checkpoint 'C:/hlocal/candado_avanzado/candado_avanzado.runs/impl_1/candado_comp_placed.dcp' has been generated.
INFO: [runtcl-4] Executing : report_io -file candado_comp_io_placed.rpt
report_io: Time (s): cpu = 00:00:00 ; elapsed = 00:00:00.034 . Memory (MB): peak = 1469.980 ; gain = 0.000
INFO: [runtcl-4] Executing : report_utilization -file candado_comp_utilization_placed.rpt -pb candado_comp_utilization_placed.pb
INFO: [runtcl-4] Executing : report_control_sets -verbose -file candado_comp_control_sets_placed.rpt
report_control_sets: Time (s): cpu = 00:00:00 ; elapsed = 00:00:00.004 . Memory (MB): peak = 1469.980 ; gain = 0.000
Command: route_design
Attempting to get a license for feature 'Implementation' and/or device 'xc7a35t'
INFO: [Common 17-349] Got license for feature 'Implementation' and/or device 'xc7a35t'
Running DRC as a precondition to command route_design
INFO: [DRC 23-27] Running DRC with 2 threads
INFO: [Vivado_Tcl 4-198] DRC finished with 0 Errors
INFO: [Vivado_Tcl 4-199] Please refer to the DRC report (report_drc) for more information.


Starting Routing Task
INFO: [Route 35-254] Multithreading enabled for route_design using a maximum of 2 CPUs
Checksum: PlaceDB: 3258252 ConstDB: 0 ShapeSum: 1d7145fc RouteDB: 0

Phase 1 Build RT Design
Phase 1 Build RT Design | Checksum: 9472c5f6

Time (s): cpu = 00:00:15 ; elapsed = 00:00:14 . Memory (MB): peak = 1565.879 ; gain = 85.824
Post Restoration Checksum: NetGraph: 3bcfabfb NumContArr: 58a319fb Constraints: 0 Timing: 0

Phase 2 Router Initialization

Phase 2.1 Create Timer
Phase 2.1 Create Timer | Checksum: 9472c5f6

Time (s): cpu = 00:00:15 ; elapsed = 00:00:14 . Memory (MB): peak = 1596.148 ; gain = 116.094

Phase 2.2 Fix Topology Constraints
Phase 2.2 Fix Topology Constraints | Checksum: 9472c5f6

Time (s): cpu = 00:00:15 ; elapsed = 00:00:14 . Memory (MB): peak = 1602.203 ; gain = 122.148

Phase 2.3 Pre Route Cleanup
Phase 2.3 Pre Route Cleanup | Checksum: 9472c5f6

Time (s): cpu = 00:00:15 ; elapsed = 00:00:14 . Memory (MB): peak = 1602.203 ; gain = 122.148
 Number of Nodes with overlaps = 0

Phase 2.4 Update Timing
Phase 2.4 Update Timing | Checksum: f343f6eb

Time (s): cpu = 00:00:16 ; elapsed = 00:00:14 . Memory (MB): peak = 1606.449 ; gain = 126.395
INFO: [Route 35-416] Intermediate Timing Summary | WNS=5.946  | TNS=0.000  | WHS=-0.077 | THS=-0.536 |

Phase 2 Router Initialization | Checksum: 1d01d2cad

Time (s): cpu = 00:00:16 ; elapsed = 00:00:14 . Memory (MB): peak = 1606.449 ; gain = 126.395

Router Utilization Summary
  Global Vertical Routing Utilization    = 0 %
  Global Horizontal Routing Utilization  = 0 %
  Routable Net Status*
  *Does not include unroutable nets such as driverless and loadless.
  Run report_route_status for detailed report.
  Number of Failed Nets               = 88
    (Failed Nets is the sum of unrouted and partially routed nets)
  Number of Unrouted Nets             = 88
  Number of Partially Routed Nets     = 0
  Number of Node Overlaps             = 0


Phase 3 Initial Routing
Phase 3 Initial Routing | Checksum: 1d9c82377

Time (s): cpu = 00:00:16 ; elapsed = 00:00:14 . Memory (MB): peak = 1607.758 ; gain = 127.703

Phase 4 Rip-up And Reroute

Phase 4.1 Global Iteration 0
 Number of Nodes with overlaps = 4
 Number of Nodes with overlaps = 0
INFO: [Route 35-416] Intermediate Timing Summary | WNS=5.148  | TNS=0.000  | WHS=N/A    | THS=N/A    |

Phase 4.1 Global Iteration 0 | Checksum: 26f184732

Time (s): cpu = 00:00:16 ; elapsed = 00:00:14 . Memory (MB): peak = 1607.758 ; gain = 127.703
Phase 4 Rip-up And Reroute | Checksum: 26f184732

Time (s): cpu = 00:00:16 ; elapsed = 00:00:14 . Memory (MB): peak = 1607.758 ; gain = 127.703

Phase 5 Delay and Skew Optimization

Phase 5.1 Delay CleanUp
Phase 5.1 Delay CleanUp | Checksum: 26f184732

Time (s): cpu = 00:00:16 ; elapsed = 00:00:14 . Memory (MB): peak = 1607.758 ; gain = 127.703

Phase 5.2 Clock Skew Optimization
Phase 5.2 Clock Skew Optimization | Checksum: 26f184732

Time (s): cpu = 00:00:16 ; elapsed = 00:00:14 . Memory (MB): peak = 1607.758 ; gain = 127.703
Phase 5 Delay and Skew Optimization | Checksum: 26f184732

Time (s): cpu = 00:00:16 ; elapsed = 00:00:14 . Memory (MB): peak = 1607.758 ; gain = 127.703

Phase 6 Post Hold Fix

Phase 6.1 Hold Fix Iter

Phase 6.1.1 Update Timing
Phase 6.1.1 Update Timing | Checksum: 1bd39a298

Time (s): cpu = 00:00:16 ; elapsed = 00:00:14 . Memory (MB): peak = 1607.758 ; gain = 127.703
INFO: [Route 35-416] Intermediate Timing Summary | WNS=5.227  | TNS=0.000  | WHS=0.219  | THS=0.000  |

Phase 6.1 Hold Fix Iter | Checksum: 1bd39a298

Time (s): cpu = 00:00:16 ; elapsed = 00:00:14 . Memory (MB): peak = 1607.758 ; gain = 127.703
Phase 6 Post Hold Fix | Checksum: 1bd39a298

Time (s): cpu = 00:00:16 ; elapsed = 00:00:14 . Memory (MB): peak = 1607.758 ; gain = 127.703

Phase 7 Route finalize

Router Utilization Summary
  Global Vertical Routing Utilization    = 0.0272662 %
  Global Horizontal Routing Utilization  = 0.0594742 %
  Routable Net Status*
  *Does not include unroutable nets such as driverless and loadless.
  Run report_route_status for detailed report.
  Number of Failed Nets               = 0
    (Failed Nets is the sum of unrouted and partially routed nets)
  Number of Unrouted Nets             = 0
  Number of Partially Routed Nets     = 0
  Number of Node Overlaps             = 0

Phase 7 Route finalize | Checksum: 1bd39a298

Time (s): cpu = 00:00:16 ; elapsed = 00:00:14 . Memory (MB): peak = 1607.758 ; gain = 127.703

Phase 8 Verifying routed nets

 Verification completed successfully
Phase 8 Verifying routed nets | Checksum: 1bd39a298

Time (s): cpu = 00:00:16 ; elapsed = 00:00:14 . Memory (MB): peak = 1609.770 ; gain = 129.715

Phase 9 Depositing Routes
Phase 9 Depositing Routes | Checksum: 147322293

Time (s): cpu = 00:00:16 ; elapsed = 00:00:14 . Memory (MB): peak = 1609.770 ; gain = 129.715

Phase 10 Post Router Timing
INFO: [Route 35-57] Estimated Timing Summary | WNS=5.227  | TNS=0.000  | WHS=0.219  | THS=0.000  |

INFO: [Route 35-327] The final timing numbers are based on the router estimated timing analysis. For a complete and accurate timing signoff, please run report_timing_summary.
Phase 10 Post Router Timing | Checksum: 147322293

Time (s): cpu = 00:00:16 ; elapsed = 00:00:14 . Memory (MB): peak = 1609.770 ; gain = 129.715
INFO: [Route 35-16] Router Completed Successfully

Time (s): cpu = 00:00:16 ; elapsed = 00:00:14 . Memory (MB): peak = 1609.770 ; gain = 129.715

Routing Is Done.
INFO: [Common 17-83] Releasing license: Implementation
70 Infos, 0 Warnings, 0 Critical Warnings and 0 Errors encountered.
route_design completed successfully
route_design: Time (s): cpu = 00:00:17 ; elapsed = 00:00:15 . Memory (MB): peak = 1609.770 ; gain = 139.789
Netlist sorting complete. Time (s): cpu = 00:00:00 ; elapsed = 00:00:00 . Memory (MB): peak = 1609.770 ; gain = 0.000
INFO: [Timing 38-480] Writing timing data to binary archive.
Writing placer database...
Writing XDEF routing.
Writing XDEF routing logical nets.
Writing XDEF routing special nets.
Write XDEF Complete: Time (s): cpu = 00:00:00 ; elapsed = 00:00:00.034 . Memory (MB): peak = 1619.629 ; gain = 9.859
INFO: [Common 17-1381] The checkpoint 'C:/hlocal/candado_avanzado/candado_avanzado.runs/impl_1/candado_comp_routed.dcp' has been generated.
INFO: [runtcl-4] Executing : report_drc -file candado_comp_drc_routed.rpt -pb candado_comp_drc_routed.pb -rpx candado_comp_drc_routed.rpx
Command: report_drc -file candado_comp_drc_routed.rpt -pb candado_comp_drc_routed.pb -rpx candado_comp_drc_routed.rpx
INFO: [IP_Flow 19-1839] IP Catalog is up to date.
INFO: [DRC 23-27] Running DRC with 2 threads
INFO: [Coretcl 2-168] The results of DRC are in file C:/hlocal/candado_avanzado/candado_avanzado.runs/impl_1/candado_comp_drc_routed.rpt.
report_drc completed successfully
INFO: [runtcl-4] Executing : report_methodology -file candado_comp_methodology_drc_routed.rpt -pb candado_comp_methodology_drc_routed.pb -rpx candado_comp_methodology_drc_routed.rpx
Command: report_methodology -file candado_comp_methodology_drc_routed.rpt -pb candado_comp_methodology_drc_routed.pb -rpx candado_comp_methodology_drc_routed.rpx
INFO: [Timing 38-35] Done setting XDC timing constraints.
INFO: [DRC 23-133] Running Methodology with 2 threads
INFO: [Coretcl 2-1520] The results of Report Methodology are in file C:/hlocal/candado_avanzado/candado_avanzado.runs/impl_1/candado_comp_methodology_drc_routed.rpt.
report_methodology completed successfully
INFO: [runtcl-4] Executing : report_power -file candado_comp_power_routed.rpt -pb candado_comp_power_summary_routed.pb -rpx candado_comp_power_routed.rpx
Command: report_power -file candado_comp_power_routed.rpt -pb candado_comp_power_summary_routed.pb -rpx candado_comp_power_routed.rpx
INFO: [Timing 38-35] Done setting XDC timing constraints.
Running Vector-less Activity Propagation...

Finished Running Vector-less Activity Propagation
82 Infos, 0 Warnings, 0 Critical Warnings and 0 Errors encountered.
report_power completed successfully
INFO: [runtcl-4] Executing : report_route_status -file candado_comp_route_status.rpt -pb candado_comp_route_status.pb
INFO: [runtcl-4] Executing : report_timing_summary -max_paths 10 -file candado_comp_timing_summary_routed.rpt -pb candado_comp_timing_summary_routed.pb -rpx candado_comp_timing_summary_routed.rpx -warn_on_violation 
INFO: [Timing 38-91] UpdateTimingParams: Speed grade: -1, Delay Type: min_max.
INFO: [Timing 38-191] Multithreading enabled for timing update using a maximum of 2 CPUs
INFO: [runtcl-4] Executing : report_incremental_reuse -file candado_comp_incremental_reuse_routed.rpt
INFO: [Vivado_Tcl 4-1062] Incremental flow is disabled. No incremental reuse Info to report.
INFO: [runtcl-4] Executing : report_clock_utilization -file candado_comp_clock_utilization_routed.rpt
INFO: [runtcl-4] Executing : report_bus_skew -warn_on_violation -file candado_comp_bus_skew_routed.rpt -pb candado_comp_bus_skew_routed.pb -rpx candado_comp_bus_skew_routed.rpx
INFO: [Timing 38-91] UpdateTimingParams: Speed grade: -1, Delay Type: min_max.
INFO: [Timing 38-191] Multithreading enabled for timing update using a maximum of 2 CPUs
Command: write_bitstream -force candado_comp.bit
Attempting to get a license for feature 'Implementation' and/or device 'xc7a35t'
INFO: [Common 17-349] Got license for feature 'Implementation' and/or device 'xc7a35t'
Running DRC as a precondition to command write_bitstream
INFO: [IP_Flow 19-1839] IP Catalog is up to date.
INFO: [DRC 23-27] Running DRC with 2 threads
INFO: [Vivado 12-3199] DRC finished with 0 Errors
INFO: [Vivado 12-3200] Please refer to the DRC report (report_drc) for more information.
INFO: [Designutils 20-2272] Running write_bitstream with 2 threads.
Loading data files...
Loading site data...
Loading route data...
Processing options...
Creating bitmap...
Creating bitstream...
Writing bitstream ./candado_comp.bit...
INFO: [Vivado 12-1842] Bitgen Completed Successfully.
INFO: [Project 1-118] WebTalk data collection is enabled (User setting is ON. Install Setting is ON.).
INFO: [Common 17-186] 'C:/hlocal/candado_avanzado/candado_avanzado.runs/impl_1/usage_statistics_webtalk.xml' has been successfully sent to Xilinx on Mon Oct 26 10:31:29 2020. For additional details about this file, please refer to the WebTalk help file at C:/software/electronica/xilinx/Vivado/2019.1/doc/webtalk_introduction.html.
INFO: [Common 17-83] Releasing license: Implementation
102 Infos, 0 Warnings, 0 Critical Warnings and 0 Errors encountered.
write_bitstream completed successfully
write_bitstream: Time (s): cpu = 00:00:09 ; elapsed = 00:00:11 . Memory (MB): peak = 2048.023 ; gain = 402.762
INFO: [Common 17-206] Exiting Vivado at Mon Oct 26 10:31:29 2020...
