Vivado Simulator 2019.1
Copyright 1986-1999, 2001-2019 Xilinx, Inc. All Rights Reserved.
Running: D:/Vivado19/Vivado/2019.1/bin/unwrapped/win64.o/xelab.exe -wto 55a82ffbd0114b82a1854be31b898bba --incr --debug typical --relax --mt 2 -L xil_defaultlib -L secureip --snapshot test_multiplicador_behav xil_defaultlib.test_multiplicador -log elaborate.log 
Using 2 slave threads.
Starting static elaboration
Completed static elaboration
Starting simulation data flow analysis
Completed simulation data flow analysis
Time Resolution for simulation is 1ps
Compiling package std.standard
Compiling package std.textio
Compiling package ieee.std_logic_1164
Compiling package ieee.numeric_std
Compiling architecture estructura of entity xil_defaultlib.mux_8bits_2op [mux_8bits_2op_default]
Compiling architecture estructura of entity xil_defaultlib.mux_4bits_2op [mux_4bits_2op_default]
Compiling architecture rtl of entity xil_defaultlib.adder8b [adder8b_default]
Compiling architecture rtl of entity xil_defaultlib.restador4b [restador4b_default]
Compiling architecture rtl of entity xil_defaultlib.cd [cd_default]
Compiling architecture rtl of entity xil_defaultlib.uc [uc_default]
Compiling architecture estructura of entity xil_defaultlib.multiplicador [multiplicador_default]
Compiling architecture rtl of entity xil_defaultlib.test_multiplicador
Built simulation snapshot test_multiplicador_behav
