
*** Running vivado
    with args -log multiplicador_sumador_reg.vdi -applog -m64 -product Vivado -messageDb vivado.pb -mode batch -source multiplicador_sumador_reg.tcl -notrace


****** Vivado v2019.1 (64-bit)
  **** SW Build 2552052 on Fri May 24 14:49:42 MDT 2019
  **** IP Build 2548770 on Fri May 24 18:01:18 MDT 2019
    ** Copyright 1986-2019 Xilinx, Inc. All Rights Reserved.

source multiplicador_sumador_reg.tcl -notrace
Command: link_design -top multiplicador_sumador_reg -part xc7a35tcpg236-1
Design is defaulting to srcset: sources_1
Design is defaulting to constrset: constrs_1
INFO: [Device 21-403] Loading part xc7a35tcpg236-1
INFO: [Netlist 29-17] Analyzing 4 Unisim elements for replacement
INFO: [Netlist 29-28] Unisim Transformation completed in 0 CPU seconds
INFO: [Project 1-479] Netlist was created with Vivado 2019.1
INFO: [Project 1-570] Preparing netlist for logic optimization
Parsing XDC File [C:/hlocal/Vivado/Prctica 3/En clase/project_1.srcs/constrs_1/imports/new/pins.xdc]
INFO: [Constraints 18-483] create_clock: no pin(s)/port(s)/net(s) specified as objects, only virtual clock 'sys_clk_pin' will be created. If you don't want this, please specify pin(s)/ports(s)/net(s) as objects to the command. [C:/hlocal/Vivado/Prctica 3/En clase/project_1.srcs/constrs_1/imports/new/pins.xdc:9]
Finished Parsing XDC File [C:/hlocal/Vivado/Prctica 3/En clase/project_1.srcs/constrs_1/imports/new/pins.xdc]
INFO: [Opt 31-138] Pushed 0 inverter(s) to 0 load pin(s).
Netlist sorting complete. Time (s): cpu = 00:00:00 ; elapsed = 00:00:00 . Memory (MB): peak = 761.527 ; gain = 0.000
INFO: [Project 1-111] Unisim Transformation Summary:
No Unisim elements were transformed.

8 Infos, 0 Warnings, 0 Critical Warnings and 0 Errors encountered.
link_design completed successfully
link_design: Time (s): cpu = 00:00:06 ; elapsed = 00:00:07 . Memory (MB): peak = 765.500 ; gain = 386.375
Command: opt_design
Attempting to get a license for feature 'Implementation' and/or device 'xc7a35t'
INFO: [Common 17-349] Got license for feature 'Implementation' and/or device 'xc7a35t'
Running DRC as a precondition to command opt_design

Starting DRC Task
INFO: [DRC 23-27] Running DRC with 2 threads
INFO: [Project 1-461] DRC finished with 0 Errors
INFO: [Project 1-462] Please refer to the DRC report (report_drc) for more information.

Time (s): cpu = 00:00:00 ; elapsed = 00:00:00.447 . Memory (MB): peak = 783.496 ; gain = 17.996

Starting Cache Timing Information Task
INFO: [Constraints 18-483] create_clock: no pin(s)/port(s)/net(s) specified as objects, only virtual clock 'sys_clk_pin' will be created. If you don't want this, please specify pin(s)/ports(s)/net(s) as objects to the command. [C:/hlocal/Vivado/Prctica 3/En clase/project_1.srcs/constrs_1/imports/new/pins.xdc:9]
INFO: [Timing 38-35] Done setting XDC timing constraints.
Ending Cache Timing Information Task | Checksum: 151c7c0c4

Time (s): cpu = 00:00:07 ; elapsed = 00:00:07 . Memory (MB): peak = 1311.188 ; gain = 527.691

Starting Logic Optimization Task

Phase 1 Retarget
INFO: [Opt 31-138] Pushed 0 inverter(s) to 0 load pin(s).
INFO: [Opt 31-49] Retargeted 0 cell(s).
Phase 1 Retarget | Checksum: 151c7c0c4

Time (s): cpu = 00:00:00 ; elapsed = 00:00:00.006 . Memory (MB): peak = 1455.855 ; gain = 0.000
INFO: [Opt 31-389] Phase Retarget created 0 cells and removed 0 cells

Phase 2 Constant propagation
INFO: [Opt 31-138] Pushed 0 inverter(s) to 0 load pin(s).
Phase 2 Constant propagation | Checksum: 151c7c0c4

Time (s): cpu = 00:00:00 ; elapsed = 00:00:00.007 . Memory (MB): peak = 1455.855 ; gain = 0.000
INFO: [Opt 31-389] Phase Constant propagation created 0 cells and removed 0 cells

Phase 3 Sweep
Phase 3 Sweep | Checksum: 1304f7335

Time (s): cpu = 00:00:00 ; elapsed = 00:00:00.009 . Memory (MB): peak = 1455.855 ; gain = 0.000
INFO: [Opt 31-389] Phase Sweep created 0 cells and removed 0 cells

Phase 4 BUFG optimization
Phase 4 BUFG optimization | Checksum: 1304f7335

Time (s): cpu = 00:00:00 ; elapsed = 00:00:00.011 . Memory (MB): peak = 1455.855 ; gain = 0.000
INFO: [Opt 31-662] Phase BUFG optimization created 0 cells of which 0 are BUFGs and removed 0 cells.

Phase 5 Shift Register Optimization
INFO: [Opt 31-1064] SRL Remap converted 0 SRLs to 0 registers and converted 0 registers of register chains to 0 SRLs
Phase 5 Shift Register Optimization | Checksum: 1304f7335

Time (s): cpu = 00:00:00 ; elapsed = 00:00:00.013 . Memory (MB): peak = 1455.855 ; gain = 0.000
INFO: [Opt 31-389] Phase Shift Register Optimization created 0 cells and removed 0 cells

Phase 6 Post Processing Netlist
Phase 6 Post Processing Netlist | Checksum: 1304f7335

Time (s): cpu = 00:00:00 ; elapsed = 00:00:00.013 . Memory (MB): peak = 1455.855 ; gain = 0.000
INFO: [Opt 31-389] Phase Post Processing Netlist created 0 cells and removed 0 cells
Opt_design Change Summary
=========================


-------------------------------------------------------------------------------------------------------------------------
|  Phase                        |  #Cells created  |  #Cells Removed  |  #Constrained objects preventing optimizations  |
-------------------------------------------------------------------------------------------------------------------------
|  Retarget                     |               0  |               0  |                                              0  |
|  Constant propagation         |               0  |               0  |                                              0  |
|  Sweep                        |               0  |               0  |                                              0  |
|  BUFG optimization            |               0  |               0  |                                              0  |
|  Shift Register Optimization  |               0  |               0  |                                              0  |
|  Post Processing Netlist      |               0  |               0  |                                              0  |
-------------------------------------------------------------------------------------------------------------------------



Starting Connectivity Check Task

Time (s): cpu = 00:00:00 ; elapsed = 00:00:00 . Memory (MB): peak = 1455.855 ; gain = 0.000
Ending Logic Optimization Task | Checksum: 193b77b7b

Time (s): cpu = 00:00:00 ; elapsed = 00:00:00.016 . Memory (MB): peak = 1455.855 ; gain = 0.000

Starting Power Optimization Task
INFO: [Pwropt 34-132] Skipping clock gating for clocks with a period < 2.00 ns.
Ending Power Optimization Task | Checksum: 193b77b7b

Time (s): cpu = 00:00:00 ; elapsed = 00:00:00.006 . Memory (MB): peak = 1455.855 ; gain = 0.000

Starting Final Cleanup Task
Ending Final Cleanup Task | Checksum: 193b77b7b

Time (s): cpu = 00:00:00 ; elapsed = 00:00:00 . Memory (MB): peak = 1455.855 ; gain = 0.000

Starting Netlist Obfuscation Task
Netlist sorting complete. Time (s): cpu = 00:00:00 ; elapsed = 00:00:00 . Memory (MB): peak = 1455.855 ; gain = 0.000
Ending Netlist Obfuscation Task | Checksum: 193b77b7b

Time (s): cpu = 00:00:00 ; elapsed = 00:00:00.001 . Memory (MB): peak = 1455.855 ; gain = 0.000
INFO: [Common 17-83] Releasing license: Implementation
26 Infos, 0 Warnings, 0 Critical Warnings and 0 Errors encountered.
opt_design completed successfully
opt_design: Time (s): cpu = 00:00:08 ; elapsed = 00:00:09 . Memory (MB): peak = 1455.855 ; gain = 690.355
Netlist sorting complete. Time (s): cpu = 00:00:00 ; elapsed = 00:00:00 . Memory (MB): peak = 1455.855 ; gain = 0.000
INFO: [Timing 38-480] Writing timing data to binary archive.
Writing placer database...
Writing XDEF routing.
Writing XDEF routing logical nets.
Writing XDEF routing special nets.
Write XDEF Complete: Time (s): cpu = 00:00:00 ; elapsed = 00:00:00.028 . Memory (MB): peak = 1455.855 ; gain = 0.000
INFO: [Common 17-1381] The checkpoint 'C:/hlocal/Vivado/Prctica 3/En clase/project_1.runs/impl_1/multiplicador_sumador_reg_opt.dcp' has been generated.
INFO: [runtcl-4] Executing : report_drc -file multiplicador_sumador_reg_drc_opted.rpt -pb multiplicador_sumador_reg_drc_opted.pb -rpx multiplicador_sumador_reg_drc_opted.rpx
Command: report_drc -file multiplicador_sumador_reg_drc_opted.rpt -pb multiplicador_sumador_reg_drc_opted.pb -rpx multiplicador_sumador_reg_drc_opted.rpx
INFO: [IP_Flow 19-234] Refreshing IP repositories
INFO: [IP_Flow 19-1704] No user IP repositories specified
INFO: [IP_Flow 19-2313] Loaded Vivado IP repository 'C:/software/electronica/xilinx/Vivado/2019.1/data/ip'.
INFO: [DRC 23-27] Running DRC with 2 threads
INFO: [Coretcl 2-168] The results of DRC are in file C:/hlocal/Vivado/Prctica 3/En clase/project_1.runs/impl_1/multiplicador_sumador_reg_drc_opted.rpt.
report_drc completed successfully
Command: place_design
Attempting to get a license for feature 'Implementation' and/or device 'xc7a35t'
INFO: [Common 17-349] Got license for feature 'Implementation' and/or device 'xc7a35t'
INFO: [DRC 23-27] Running DRC with 2 threads
INFO: [Vivado_Tcl 4-198] DRC finished with 0 Errors
INFO: [Vivado_Tcl 4-199] Please refer to the DRC report (report_drc) for more information.
Running DRC as a precondition to command place_design
INFO: [DRC 23-27] Running DRC with 2 threads
INFO: [Vivado_Tcl 4-198] DRC finished with 0 Errors
INFO: [Vivado_Tcl 4-199] Please refer to the DRC report (report_drc) for more information.

Starting Placer Task
INFO: [Place 30-611] Multithreading enabled for place_design using a maximum of 2 CPUs

Phase 1 Placer Initialization

Phase 1.1 Placer Initialization Netlist Sorting
Netlist sorting complete. Time (s): cpu = 00:00:00 ; elapsed = 00:00:00 . Memory (MB): peak = 1455.855 ; gain = 0.000
Phase 1.1 Placer Initialization Netlist Sorting | Checksum: 16a63d6ff

Time (s): cpu = 00:00:00 ; elapsed = 00:00:00.003 . Memory (MB): peak = 1455.855 ; gain = 0.000
Netlist sorting complete. Time (s): cpu = 00:00:00 ; elapsed = 00:00:00 . Memory (MB): peak = 1455.855 ; gain = 0.000

Phase 1.2 IO Placement/ Clock Placement/ Build Placer Device
INFO: [Constraints 18-483] create_clock: no pin(s)/port(s)/net(s) specified as objects, only virtual clock 'sys_clk_pin' will be created. If you don't want this, please specify pin(s)/ports(s)/net(s) as objects to the command. [C:/hlocal/Vivado/Prctica 3/En clase/project_1.srcs/constrs_1/imports/new/pins.xdc:9]
INFO: [Timing 38-35] Done setting XDC timing constraints.
Phase 1.2 IO Placement/ Clock Placement/ Build Placer Device | Checksum: 100e8a5f4

Time (s): cpu = 00:00:00 ; elapsed = 00:00:00.408 . Memory (MB): peak = 1455.855 ; gain = 0.000

Phase 1.3 Build Placer Netlist Model
Phase 1.3 Build Placer Netlist Model | Checksum: 13981ac99

Time (s): cpu = 00:00:01 ; elapsed = 00:00:00.460 . Memory (MB): peak = 1455.855 ; gain = 0.000

Phase 1.4 Constrain Clocks/Macros
Phase 1.4 Constrain Clocks/Macros | Checksum: 13981ac99

Time (s): cpu = 00:00:01 ; elapsed = 00:00:00.461 . Memory (MB): peak = 1455.855 ; gain = 0.000
Phase 1 Placer Initialization | Checksum: 13981ac99

Time (s): cpu = 00:00:01 ; elapsed = 00:00:00.462 . Memory (MB): peak = 1455.855 ; gain = 0.000

Phase 2 Global Placement

Phase 2.1 Floorplanning
Phase 2.1 Floorplanning | Checksum: 13981ac99

Time (s): cpu = 00:00:01 ; elapsed = 00:00:00.463 . Memory (MB): peak = 1455.855 ; gain = 0.000

Phase 2.2 Global Placement Core
WARNING: [Place 46-29] place_design is not in timing mode. Skip physical synthesis in placer
Phase 2.2 Global Placement Core | Checksum: 1a1c50c72

Time (s): cpu = 00:00:01 ; elapsed = 00:00:00.799 . Memory (MB): peak = 1455.855 ; gain = 0.000
Phase 2 Global Placement | Checksum: 1a1c50c72

Time (s): cpu = 00:00:01 ; elapsed = 00:00:00.800 . Memory (MB): peak = 1455.855 ; gain = 0.000

Phase 3 Detail Placement

Phase 3.1 Commit Multi Column Macros
Phase 3.1 Commit Multi Column Macros | Checksum: 1a1c50c72

Time (s): cpu = 00:00:01 ; elapsed = 00:00:00.801 . Memory (MB): peak = 1455.855 ; gain = 0.000

Phase 3.2 Commit Most Macros & LUTRAMs
Phase 3.2 Commit Most Macros & LUTRAMs | Checksum: 12ba95313

Time (s): cpu = 00:00:01 ; elapsed = 00:00:00.805 . Memory (MB): peak = 1455.855 ; gain = 0.000

Phase 3.3 Area Swap Optimization
Phase 3.3 Area Swap Optimization | Checksum: 1fc059c84

Time (s): cpu = 00:00:01 ; elapsed = 00:00:00.810 . Memory (MB): peak = 1455.855 ; gain = 0.000

Phase 3.4 Pipeline Register Optimization
Phase 3.4 Pipeline Register Optimization | Checksum: 1fc059c84

Time (s): cpu = 00:00:01 ; elapsed = 00:00:00.811 . Memory (MB): peak = 1455.855 ; gain = 0.000

Phase 3.5 Small Shape Detail Placement
Phase 3.5 Small Shape Detail Placement | Checksum: c2b11944

Time (s): cpu = 00:00:01 ; elapsed = 00:00:00.873 . Memory (MB): peak = 1455.855 ; gain = 0.000

Phase 3.6 Re-assign LUT pins
Phase 3.6 Re-assign LUT pins | Checksum: c2b11944

Time (s): cpu = 00:00:01 ; elapsed = 00:00:00.876 . Memory (MB): peak = 1455.855 ; gain = 0.000

Phase 3.7 Pipeline Register Optimization
Phase 3.7 Pipeline Register Optimization | Checksum: c2b11944

Time (s): cpu = 00:00:01 ; elapsed = 00:00:00.876 . Memory (MB): peak = 1455.855 ; gain = 0.000
Phase 3 Detail Placement | Checksum: c2b11944

Time (s): cpu = 00:00:01 ; elapsed = 00:00:00.876 . Memory (MB): peak = 1455.855 ; gain = 0.000

Phase 4 Post Placement Optimization and Clean-Up

Phase 4.1 Post Commit Optimization
Phase 4.1 Post Commit Optimization | Checksum: c2b11944

Time (s): cpu = 00:00:01 ; elapsed = 00:00:00.878 . Memory (MB): peak = 1455.855 ; gain = 0.000

Phase 4.2 Post Placement Cleanup
Phase 4.2 Post Placement Cleanup | Checksum: c2b11944

Time (s): cpu = 00:00:01 ; elapsed = 00:00:00.880 . Memory (MB): peak = 1455.855 ; gain = 0.000

Phase 4.3 Placer Reporting
Phase 4.3 Placer Reporting | Checksum: c2b11944

Time (s): cpu = 00:00:01 ; elapsed = 00:00:00.880 . Memory (MB): peak = 1455.855 ; gain = 0.000

Phase 4.4 Final Placement Cleanup
Netlist sorting complete. Time (s): cpu = 00:00:00 ; elapsed = 00:00:00 . Memory (MB): peak = 1455.855 ; gain = 0.000
Phase 4.4 Final Placement Cleanup | Checksum: 169336473

Time (s): cpu = 00:00:01 ; elapsed = 00:00:00.881 . Memory (MB): peak = 1455.855 ; gain = 0.000
Phase 4 Post Placement Optimization and Clean-Up | Checksum: 169336473

Time (s): cpu = 00:00:01 ; elapsed = 00:00:00.881 . Memory (MB): peak = 1455.855 ; gain = 0.000
Ending Placer Task | Checksum: 11d6f9692

Time (s): cpu = 00:00:01 ; elapsed = 00:00:00.881 . Memory (MB): peak = 1455.855 ; gain = 0.000
INFO: [Common 17-83] Releasing license: Implementation
45 Infos, 1 Warnings, 0 Critical Warnings and 0 Errors encountered.
place_design completed successfully
Netlist sorting complete. Time (s): cpu = 00:00:00 ; elapsed = 00:00:00 . Memory (MB): peak = 1455.855 ; gain = 0.000
INFO: [Timing 38-480] Writing timing data to binary archive.
Writing placer database...
Writing XDEF routing.
Writing XDEF routing logical nets.
Writing XDEF routing special nets.
Write XDEF Complete: Time (s): cpu = 00:00:00 ; elapsed = 00:00:00.030 . Memory (MB): peak = 1455.855 ; gain = 0.000
INFO: [Common 17-1381] The checkpoint 'C:/hlocal/Vivado/Prctica 3/En clase/project_1.runs/impl_1/multiplicador_sumador_reg_placed.dcp' has been generated.
INFO: [runtcl-4] Executing : report_io -file multiplicador_sumador_reg_io_placed.rpt
report_io: Time (s): cpu = 00:00:00 ; elapsed = 00:00:00.029 . Memory (MB): peak = 1455.855 ; gain = 0.000
INFO: [runtcl-4] Executing : report_utilization -file multiplicador_sumador_reg_utilization_placed.rpt -pb multiplicador_sumador_reg_utilization_placed.pb
INFO: [runtcl-4] Executing : report_control_sets -verbose -file multiplicador_sumador_reg_control_sets_placed.rpt
report_control_sets: Time (s): cpu = 00:00:00 ; elapsed = 00:00:00.004 . Memory (MB): peak = 1455.855 ; gain = 0.000
Command: route_design
Attempting to get a license for feature 'Implementation' and/or device 'xc7a35t'
INFO: [Common 17-349] Got license for feature 'Implementation' and/or device 'xc7a35t'
Running DRC as a precondition to command route_design
INFO: [DRC 23-27] Running DRC with 2 threads
INFO: [Vivado_Tcl 4-198] DRC finished with 0 Errors
INFO: [Vivado_Tcl 4-199] Please refer to the DRC report (report_drc) for more information.


Starting Routing Task
INFO: [Route 35-254] Multithreading enabled for route_design using a maximum of 2 CPUs
Checksum: PlaceDB: 21a1ee4f ConstDB: 0 ShapeSum: fbcda843 RouteDB: 0

Phase 1 Build RT Design
Phase 1 Build RT Design | Checksum: 2e2357e3

Time (s): cpu = 00:00:16 ; elapsed = 00:00:14 . Memory (MB): peak = 1499.934 ; gain = 44.078
Post Restoration Checksum: NetGraph: 1d3c4ee7 NumContArr: 10e708fc Constraints: 0 Timing: 0

Phase 2 Router Initialization

Phase 2.1 Create Timer
INFO: [Constraints 18-483] create_clock: no pin(s)/port(s)/net(s) specified as objects, only virtual clock 'sys_clk_pin' will be created. If you don't want this, please specify pin(s)/ports(s)/net(s) as objects to the command. [C:/hlocal/Vivado/Prctica 3/En clase/project_1.srcs/constrs_1/imports/new/pins.xdc:9]
INFO: [Timing 38-35] Done setting XDC timing constraints.
Phase 2.1 Create Timer | Checksum: 2e2357e3

Time (s): cpu = 00:00:16 ; elapsed = 00:00:14 . Memory (MB): peak = 1584.672 ; gain = 128.816

Phase 2.2 Fix Topology Constraints
Phase 2.2 Fix Topology Constraints | Checksum: 2e2357e3

Time (s): cpu = 00:00:16 ; elapsed = 00:00:14 . Memory (MB): peak = 1590.703 ; gain = 134.848

Phase 2.3 Pre Route Cleanup
Phase 2.3 Pre Route Cleanup | Checksum: 2e2357e3

Time (s): cpu = 00:00:16 ; elapsed = 00:00:14 . Memory (MB): peak = 1590.703 ; gain = 134.848
 Number of Nodes with overlaps = 0

Phase 2.4 Update Timing
Phase 2.4 Update Timing | Checksum: 1e2479c42

Time (s): cpu = 00:00:16 ; elapsed = 00:00:14 . Memory (MB): peak = 1592.672 ; gain = 136.816
Phase 2 Router Initialization | Checksum: 1e2479c42

Time (s): cpu = 00:00:16 ; elapsed = 00:00:14 . Memory (MB): peak = 1592.672 ; gain = 136.816

Router Utilization Summary
  Global Vertical Routing Utilization    = 0 %
  Global Horizontal Routing Utilization  = 0 %
  Routable Net Status*
  *Does not include unroutable nets such as driverless and loadless.
  Run report_route_status for detailed report.
  Number of Failed Nets               = 41
    (Failed Nets is the sum of unrouted and partially routed nets)
  Number of Unrouted Nets             = 41
  Number of Partially Routed Nets     = 0
  Number of Node Overlaps             = 0


Phase 3 Initial Routing
Phase 3 Initial Routing | Checksum: 88db6c36

Time (s): cpu = 00:00:16 ; elapsed = 00:00:14 . Memory (MB): peak = 1592.922 ; gain = 137.066

Phase 4 Rip-up And Reroute

Phase 4.1 Global Iteration 0
 Number of Nodes with overlaps = 0
Phase 4.1 Global Iteration 0 | Checksum: 18a590573

Time (s): cpu = 00:00:16 ; elapsed = 00:00:14 . Memory (MB): peak = 1592.922 ; gain = 137.066
Phase 4 Rip-up And Reroute | Checksum: 18a590573

Time (s): cpu = 00:00:16 ; elapsed = 00:00:14 . Memory (MB): peak = 1592.922 ; gain = 137.066

Phase 5 Delay and Skew Optimization

Phase 5.1 Delay CleanUp
Phase 5.1 Delay CleanUp | Checksum: 18a590573

Time (s): cpu = 00:00:16 ; elapsed = 00:00:14 . Memory (MB): peak = 1592.922 ; gain = 137.066

Phase 5.2 Clock Skew Optimization
Phase 5.2 Clock Skew Optimization | Checksum: 18a590573

Time (s): cpu = 00:00:16 ; elapsed = 00:00:14 . Memory (MB): peak = 1592.922 ; gain = 137.066
Phase 5 Delay and Skew Optimization | Checksum: 18a590573

Time (s): cpu = 00:00:16 ; elapsed = 00:00:14 . Memory (MB): peak = 1592.922 ; gain = 137.066

Phase 6 Post Hold Fix

Phase 6.1 Hold Fix Iter

Phase 6.1.1 Update Timing
Phase 6.1.1 Update Timing | Checksum: 18a590573

Time (s): cpu = 00:00:16 ; elapsed = 00:00:14 . Memory (MB): peak = 1592.922 ; gain = 137.066
Phase 6.1 Hold Fix Iter | Checksum: 18a590573

Time (s): cpu = 00:00:16 ; elapsed = 00:00:14 . Memory (MB): peak = 1592.922 ; gain = 137.066
Phase 6 Post Hold Fix | Checksum: 18a590573

Time (s): cpu = 00:00:16 ; elapsed = 00:00:14 . Memory (MB): peak = 1592.922 ; gain = 137.066

Phase 7 Route finalize

Router Utilization Summary
  Global Vertical Routing Utilization    = 0.0258311 %
  Global Horizontal Routing Utilization  = 0.0089797 %
  Routable Net Status*
  *Does not include unroutable nets such as driverless and loadless.
  Run report_route_status for detailed report.
  Number of Failed Nets               = 0
    (Failed Nets is the sum of unrouted and partially routed nets)
  Number of Unrouted Nets             = 0
  Number of Partially Routed Nets     = 0
  Number of Node Overlaps             = 0

Phase 7 Route finalize | Checksum: 18a590573

Time (s): cpu = 00:00:16 ; elapsed = 00:00:14 . Memory (MB): peak = 1592.922 ; gain = 137.066

Phase 8 Verifying routed nets

 Verification completed successfully
Phase 8 Verifying routed nets | Checksum: 18a590573

Time (s): cpu = 00:00:16 ; elapsed = 00:00:14 . Memory (MB): peak = 1594.973 ; gain = 139.117

Phase 9 Depositing Routes
Phase 9 Depositing Routes | Checksum: 158880664

Time (s): cpu = 00:00:16 ; elapsed = 00:00:14 . Memory (MB): peak = 1594.973 ; gain = 139.117

Phase 10 Post Router Timing
Phase 10 Post Router Timing | Checksum: 158880664

Time (s): cpu = 00:00:16 ; elapsed = 00:00:14 . Memory (MB): peak = 1594.973 ; gain = 139.117
INFO: [Route 35-16] Router Completed Successfully

Time (s): cpu = 00:00:16 ; elapsed = 00:00:14 . Memory (MB): peak = 1594.973 ; gain = 139.117

Routing Is Done.
INFO: [Common 17-83] Releasing license: Implementation
59 Infos, 1 Warnings, 0 Critical Warnings and 0 Errors encountered.
route_design completed successfully
route_design: Time (s): cpu = 00:00:17 ; elapsed = 00:00:15 . Memory (MB): peak = 1594.973 ; gain = 139.117
Netlist sorting complete. Time (s): cpu = 00:00:00 ; elapsed = 00:00:00 . Memory (MB): peak = 1594.973 ; gain = 0.000
INFO: [Timing 38-480] Writing timing data to binary archive.
Writing placer database...
Writing XDEF routing.
Writing XDEF routing logical nets.
Writing XDEF routing special nets.
Write XDEF Complete: Time (s): cpu = 00:00:00 ; elapsed = 00:00:00.030 . Memory (MB): peak = 1604.805 ; gain = 9.832
INFO: [Common 17-1381] The checkpoint 'C:/hlocal/Vivado/Prctica 3/En clase/project_1.runs/impl_1/multiplicador_sumador_reg_routed.dcp' has been generated.
INFO: [runtcl-4] Executing : report_drc -file multiplicador_sumador_reg_drc_routed.rpt -pb multiplicador_sumador_reg_drc_routed.pb -rpx multiplicador_sumador_reg_drc_routed.rpx
Command: report_drc -file multiplicador_sumador_reg_drc_routed.rpt -pb multiplicador_sumador_reg_drc_routed.pb -rpx multiplicador_sumador_reg_drc_routed.rpx
INFO: [IP_Flow 19-1839] IP Catalog is up to date.
INFO: [DRC 23-27] Running DRC with 2 threads
INFO: [Coretcl 2-168] The results of DRC are in file C:/hlocal/Vivado/Prctica 3/En clase/project_1.runs/impl_1/multiplicador_sumador_reg_drc_routed.rpt.
report_drc completed successfully
INFO: [runtcl-4] Executing : report_methodology -file multiplicador_sumador_reg_methodology_drc_routed.rpt -pb multiplicador_sumador_reg_methodology_drc_routed.pb -rpx multiplicador_sumador_reg_methodology_drc_routed.rpx
Command: report_methodology -file multiplicador_sumador_reg_methodology_drc_routed.rpt -pb multiplicador_sumador_reg_methodology_drc_routed.pb -rpx multiplicador_sumador_reg_methodology_drc_routed.rpx
INFO: [Constraints 18-483] create_clock: no pin(s)/port(s)/net(s) specified as objects, only virtual clock 'sys_clk_pin' will be created. If you don't want this, please specify pin(s)/ports(s)/net(s) as objects to the command. [C:/hlocal/Vivado/Prctica 3/En clase/project_1.srcs/constrs_1/imports/new/pins.xdc:9]
INFO: [Timing 38-35] Done setting XDC timing constraints.
INFO: [DRC 23-133] Running Methodology with 2 threads
INFO: [Coretcl 2-1520] The results of Report Methodology are in file C:/hlocal/Vivado/Prctica 3/En clase/project_1.runs/impl_1/multiplicador_sumador_reg_methodology_drc_routed.rpt.
report_methodology completed successfully
INFO: [runtcl-4] Executing : report_power -file multiplicador_sumador_reg_power_routed.rpt -pb multiplicador_sumador_reg_power_summary_routed.pb -rpx multiplicador_sumador_reg_power_routed.rpx
Command: report_power -file multiplicador_sumador_reg_power_routed.rpt -pb multiplicador_sumador_reg_power_summary_routed.pb -rpx multiplicador_sumador_reg_power_routed.rpx
INFO: [Constraints 18-483] create_clock: no pin(s)/port(s)/net(s) specified as objects, only virtual clock 'sys_clk_pin' will be created. If you don't want this, please specify pin(s)/ports(s)/net(s) as objects to the command. [C:/hlocal/Vivado/Prctica 3/En clase/project_1.srcs/constrs_1/imports/new/pins.xdc:9]
INFO: [Timing 38-35] Done setting XDC timing constraints.
Running Vector-less Activity Propagation...

Finished Running Vector-less Activity Propagation
73 Infos, 1 Warnings, 0 Critical Warnings and 0 Errors encountered.
report_power completed successfully
INFO: [runtcl-4] Executing : report_route_status -file multiplicador_sumador_reg_route_status.rpt -pb multiplicador_sumador_reg_route_status.pb
INFO: [runtcl-4] Executing : report_timing_summary -max_paths 10 -file multiplicador_sumador_reg_timing_summary_routed.rpt -pb multiplicador_sumador_reg_timing_summary_routed.pb -rpx multiplicador_sumador_reg_timing_summary_routed.rpx -warn_on_violation 
INFO: [Timing 38-91] UpdateTimingParams: Speed grade: -1, Delay Type: min_max.
INFO: [Timing 38-191] Multithreading enabled for timing update using a maximum of 2 CPUs
INFO: [runtcl-4] Executing : report_incremental_reuse -file multiplicador_sumador_reg_incremental_reuse_routed.rpt
INFO: [Vivado_Tcl 4-1062] Incremental flow is disabled. No incremental reuse Info to report.
INFO: [runtcl-4] Executing : report_clock_utilization -file multiplicador_sumador_reg_clock_utilization_routed.rpt
INFO: [runtcl-4] Executing : report_bus_skew -warn_on_violation -file multiplicador_sumador_reg_bus_skew_routed.rpt -pb multiplicador_sumador_reg_bus_skew_routed.pb -rpx multiplicador_sumador_reg_bus_skew_routed.rpx
INFO: [Timing 38-91] UpdateTimingParams: Speed grade: -1, Delay Type: min_max.
INFO: [Timing 38-191] Multithreading enabled for timing update using a maximum of 2 CPUs
INFO: [Common 17-206] Exiting Vivado at Mon Nov 23 10:16:17 2020...
