Vivado Simulator 2019.1
Time resolution is 1 ps
Error: Error multiplying, 1 * 1 = 1 not 1
Time: 33180 ns  Iteration: 0  Process: /test_multiplicador/p_stim  File: C:/ProyectosVivaldo/multiplicador_algoritmico/multiplicador_algoritmico.srcs/sim_1/imports/Desktop/cd_test.vhd
Error: Error multiplying, 1 * 2 = 2 not 2
Time: 35130 ns  Iteration: 0  Process: /test_multiplicador/p_stim  File: C:/ProyectosVivaldo/multiplicador_algoritmico/multiplicador_algoritmico.srcs/sim_1/imports/Desktop/cd_test.vhd
Error: Error multiplying, 1 * 3 = 3 not 3
Time: 37080 ns  Iteration: 0  Process: /test_multiplicador/p_stim  File: C:/ProyectosVivaldo/multiplicador_algoritmico/multiplicador_algoritmico.srcs/sim_1/imports/Desktop/cd_test.vhd
Error: Error multiplying, 1 * 4 = 4 not 4
Time: 39030 ns  Iteration: 0  Process: /test_multiplicador/p_stim  File: C:/ProyectosVivaldo/multiplicador_algoritmico/multiplicador_algoritmico.srcs/sim_1/imports/Desktop/cd_test.vhd
Error: Error multiplying, 1 * 5 = 5 not 5
Time: 40980 ns  Iteration: 0  Process: /test_multiplicador/p_stim  File: C:/ProyectosVivaldo/multiplicador_algoritmico/multiplicador_algoritmico.srcs/sim_1/imports/Desktop/cd_test.vhd
Error: Error multiplying, 1 * 6 = 6 not 6
Time: 42930 ns  Iteration: 0  Process: /test_multiplicador/p_stim  File: C:/ProyectosVivaldo/multiplicador_algoritmico/multiplicador_algoritmico.srcs/sim_1/imports/Desktop/cd_test.vhd
Error: Error multiplying, 1 * 7 = 7 not 7
Time: 44880 ns  Iteration: 0  Process: /test_multiplicador/p_stim  File: C:/ProyectosVivaldo/multiplicador_algoritmico/multiplicador_algoritmico.srcs/sim_1/imports/Desktop/cd_test.vhd
Error: Error multiplying, 1 * 8 = 8 not 8
Time: 46830 ns  Iteration: 0  Process: /test_multiplicador/p_stim  File: C:/ProyectosVivaldo/multiplicador_algoritmico/multiplicador_algoritmico.srcs/sim_1/imports/Desktop/cd_test.vhd
Error: Error multiplying, 1 * 9 = 9 not 9
Time: 48780 ns  Iteration: 0  Process: /test_multiplicador/p_stim  File: C:/ProyectosVivaldo/multiplicador_algoritmico/multiplicador_algoritmico.srcs/sim_1/imports/Desktop/cd_test.vhd
Error: Error multiplying, 1 * 10 = 10 not 10
Time: 50730 ns  Iteration: 0  Process: /test_multiplicador/p_stim  File: C:/ProyectosVivaldo/multiplicador_algoritmico/multiplicador_algoritmico.srcs/sim_1/imports/Desktop/cd_test.vhd
Error: Error multiplying, 1 * 11 = 11 not 11
Time: 52680 ns  Iteration: 0  Process: /test_multiplicador/p_stim  File: C:/ProyectosVivaldo/multiplicador_algoritmico/multiplicador_algoritmico.srcs/sim_1/imports/Desktop/cd_test.vhd
Error: Error multiplying, 1 * 12 = 12 not 12
Time: 54630 ns  Iteration: 0  Process: /test_multiplicador/p_stim  File: C:/ProyectosVivaldo/multiplicador_algoritmico/multiplicador_algoritmico.srcs/sim_1/imports/Desktop/cd_test.vhd
Error: Error multiplying, 1 * 13 = 13 not 13
Time: 56580 ns  Iteration: 0  Process: /test_multiplicador/p_stim  File: C:/ProyectosVivaldo/multiplicador_algoritmico/multiplicador_algoritmico.srcs/sim_1/imports/Desktop/cd_test.vhd
Error: Error multiplying, 1 * 14 = 14 not 14
Time: 58530 ns  Iteration: 0  Process: /test_multiplicador/p_stim  File: C:/ProyectosVivaldo/multiplicador_algoritmico/multiplicador_algoritmico.srcs/sim_1/imports/Desktop/cd_test.vhd
Error: Error multiplying, 1 * 15 = 15 not 15
Time: 60480 ns  Iteration: 0  Process: /test_multiplicador/p_stim  File: C:/ProyectosVivaldo/multiplicador_algoritmico/multiplicador_algoritmico.srcs/sim_1/imports/Desktop/cd_test.vhd
Error: Error multiplying, 2 * 0 = 0 not 0
Time: 62430 ns  Iteration: 0  Process: /test_multiplicador/p_stim  File: C:/ProyectosVivaldo/multiplicador_algoritmico/multiplicador_algoritmico.srcs/sim_1/imports/Desktop/cd_test.vhd
Error: Error multiplying, 2 * 1 = 2 not 2
Time: 64380 ns  Iteration: 0  Process: /test_multiplicador/p_stim  File: C:/ProyectosVivaldo/multiplicador_algoritmico/multiplicador_algoritmico.srcs/sim_1/imports/Desktop/cd_test.vhd
Error: Error multiplying, 2 * 2 = 4 not 4
Time: 66330 ns  Iteration: 0  Process: /test_multiplicador/p_stim  File: C:/ProyectosVivaldo/multiplicador_algoritmico/multiplicador_algoritmico.srcs/sim_1/imports/Desktop/cd_test.vhd
Error: Error multiplying, 2 * 3 = 6 not 6
Time: 68280 ns  Iteration: 0  Process: /test_multiplicador/p_stim  File: C:/ProyectosVivaldo/multiplicador_algoritmico/multiplicador_algoritmico.srcs/sim_1/imports/Desktop/cd_test.vhd
Error: Error multiplying, 2 * 4 = 8 not 8
Time: 70230 ns  Iteration: 0  Process: /test_multiplicador/p_stim  File: C:/ProyectosVivaldo/multiplicador_algoritmico/multiplicador_algoritmico.srcs/sim_1/imports/Desktop/cd_test.vhd
Error: Error multiplying, 2 * 5 = 10 not 10
Time: 72180 ns  Iteration: 0  Process: /test_multiplicador/p_stim  File: C:/ProyectosVivaldo/multiplicador_algoritmico/multiplicador_algoritmico.srcs/sim_1/imports/Desktop/cd_test.vhd
Error: Error multiplying, 2 * 6 = 12 not 12
Time: 74130 ns  Iteration: 0  Process: /test_multiplicador/p_stim  File: C:/ProyectosVivaldo/multiplicador_algoritmico/multiplicador_algoritmico.srcs/sim_1/imports/Desktop/cd_test.vhd
Error: Error multiplying, 2 * 7 = 14 not 14
Time: 76080 ns  Iteration: 0  Process: /test_multiplicador/p_stim  File: C:/ProyectosVivaldo/multiplicador_algoritmico/multiplicador_algoritmico.srcs/sim_1/imports/Desktop/cd_test.vhd
Error: Error multiplying, 2 * 8 = 16 not 16
Time: 78030 ns  Iteration: 0  Process: /test_multiplicador/p_stim  File: C:/ProyectosVivaldo/multiplicador_algoritmico/multiplicador_algoritmico.srcs/sim_1/imports/Desktop/cd_test.vhd
Error: Error multiplying, 2 * 9 = 18 not 18
Time: 79980 ns  Iteration: 0  Process: /test_multiplicador/p_stim  File: C:/ProyectosVivaldo/multiplicador_algoritmico/multiplicador_algoritmico.srcs/sim_1/imports/Desktop/cd_test.vhd
Error: Error multiplying, 2 * 10 = 20 not 20
Time: 81930 ns  Iteration: 0  Process: /test_multiplicador/p_stim  File: C:/ProyectosVivaldo/multiplicador_algoritmico/multiplicador_algoritmico.srcs/sim_1/imports/Desktop/cd_test.vhd
Error: Error multiplying, 2 * 11 = 22 not 22
Time: 83880 ns  Iteration: 0  Process: /test_multiplicador/p_stim  File: C:/ProyectosVivaldo/multiplicador_algoritmico/multiplicador_algoritmico.srcs/sim_1/imports/Desktop/cd_test.vhd
Error: Error multiplying, 2 * 12 = 24 not 24
Time: 85830 ns  Iteration: 0  Process: /test_multiplicador/p_stim  File: C:/ProyectosVivaldo/multiplicador_algoritmico/multiplicador_algoritmico.srcs/sim_1/imports/Desktop/cd_test.vhd
Error: Error multiplying, 2 * 13 = 26 not 26
Time: 87780 ns  Iteration: 0  Process: /test_multiplicador/p_stim  File: C:/ProyectosVivaldo/multiplicador_algoritmico/multiplicador_algoritmico.srcs/sim_1/imports/Desktop/cd_test.vhd
Error: Error multiplying, 2 * 14 = 28 not 28
Time: 89730 ns  Iteration: 0  Process: /test_multiplicador/p_stim  File: C:/ProyectosVivaldo/multiplicador_algoritmico/multiplicador_algoritmico.srcs/sim_1/imports/Desktop/cd_test.vhd
Error: Error multiplying, 2 * 15 = 30 not 30
Time: 91680 ns  Iteration: 0  Process: /test_multiplicador/p_stim  File: C:/ProyectosVivaldo/multiplicador_algoritmico/multiplicador_algoritmico.srcs/sim_1/imports/Desktop/cd_test.vhd
Error: Error multiplying, 3 * 0 = 0 not 0
Time: 93630 ns  Iteration: 0  Process: /test_multiplicador/p_stim  File: C:/ProyectosVivaldo/multiplicador_algoritmico/multiplicador_algoritmico.srcs/sim_1/imports/Desktop/cd_test.vhd
Error: Error multiplying, 3 * 1 = 3 not 3
Time: 95580 ns  Iteration: 0  Process: /test_multiplicador/p_stim  File: C:/ProyectosVivaldo/multiplicador_algoritmico/multiplicador_algoritmico.srcs/sim_1/imports/Desktop/cd_test.vhd
Error: Error multiplying, 3 * 2 = 6 not 6
Time: 97530 ns  Iteration: 0  Process: /test_multiplicador/p_stim  File: C:/ProyectosVivaldo/multiplicador_algoritmico/multiplicador_algoritmico.srcs/sim_1/imports/Desktop/cd_test.vhd
Error: Error multiplying, 3 * 3 = 9 not 9
Time: 99480 ns  Iteration: 0  Process: /test_multiplicador/p_stim  File: C:/ProyectosVivaldo/multiplicador_algoritmico/multiplicador_algoritmico.srcs/sim_1/imports/Desktop/cd_test.vhd
Error: Error multiplying, 3 * 4 = 12 not 12
Time: 101430 ns  Iteration: 0  Process: /test_multiplicador/p_stim  File: C:/ProyectosVivaldo/multiplicador_algoritmico/multiplicador_algoritmico.srcs/sim_1/imports/Desktop/cd_test.vhd
Error: Error multiplying, 3 * 5 = 15 not 15
Time: 103380 ns  Iteration: 0  Process: /test_multiplicador/p_stim  File: C:/ProyectosVivaldo/multiplicador_algoritmico/multiplicador_algoritmico.srcs/sim_1/imports/Desktop/cd_test.vhd
Error: Error multiplying, 3 * 6 = 18 not 18
Time: 105330 ns  Iteration: 0  Process: /test_multiplicador/p_stim  File: C:/ProyectosVivaldo/multiplicador_algoritmico/multiplicador_algoritmico.srcs/sim_1/imports/Desktop/cd_test.vhd
Error: Error multiplying, 3 * 7 = 21 not 21
Time: 107280 ns  Iteration: 0  Process: /test_multiplicador/p_stim  File: C:/ProyectosVivaldo/multiplicador_algoritmico/multiplicador_algoritmico.srcs/sim_1/imports/Desktop/cd_test.vhd
Error: Error multiplying, 3 * 8 = 24 not 24
Time: 109230 ns  Iteration: 0  Process: /test_multiplicador/p_stim  File: C:/ProyectosVivaldo/multiplicador_algoritmico/multiplicador_algoritmico.srcs/sim_1/imports/Desktop/cd_test.vhd
Error: Error multiplying, 3 * 9 = 27 not 27
Time: 111180 ns  Iteration: 0  Process: /test_multiplicador/p_stim  File: C:/ProyectosVivaldo/multiplicador_algoritmico/multiplicador_algoritmico.srcs/sim_1/imports/Desktop/cd_test.vhd
Error: Error multiplying, 3 * 10 = 30 not 30
Time: 113130 ns  Iteration: 0  Process: /test_multiplicador/p_stim  File: C:/ProyectosVivaldo/multiplicador_algoritmico/multiplicador_algoritmico.srcs/sim_1/imports/Desktop/cd_test.vhd
Error: Error multiplying, 3 * 11 = 33 not 33
Time: 115080 ns  Iteration: 0  Process: /test_multiplicador/p_stim  File: C:/ProyectosVivaldo/multiplicador_algoritmico/multiplicador_algoritmico.srcs/sim_1/imports/Desktop/cd_test.vhd
Error: Error multiplying, 3 * 12 = 36 not 36
Time: 117030 ns  Iteration: 0  Process: /test_multiplicador/p_stim  File: C:/ProyectosVivaldo/multiplicador_algoritmico/multiplicador_algoritmico.srcs/sim_1/imports/Desktop/cd_test.vhd
Error: Error multiplying, 3 * 13 = 39 not 39
Time: 118980 ns  Iteration: 0  Process: /test_multiplicador/p_stim  File: C:/ProyectosVivaldo/multiplicador_algoritmico/multiplicador_algoritmico.srcs/sim_1/imports/Desktop/cd_test.vhd
Error: Error multiplying, 3 * 14 = 42 not 42
Time: 120930 ns  Iteration: 0  Process: /test_multiplicador/p_stim  File: C:/ProyectosVivaldo/multiplicador_algoritmico/multiplicador_algoritmico.srcs/sim_1/imports/Desktop/cd_test.vhd
Error: Error multiplying, 3 * 15 = 45 not 45
Time: 122880 ns  Iteration: 0  Process: /test_multiplicador/p_stim  File: C:/ProyectosVivaldo/multiplicador_algoritmico/multiplicador_algoritmico.srcs/sim_1/imports/Desktop/cd_test.vhd
Error: Error multiplying, 4 * 0 = 0 not 0
Time: 124830 ns  Iteration: 0  Process: /test_multiplicador/p_stim  File: C:/ProyectosVivaldo/multiplicador_algoritmico/multiplicador_algoritmico.srcs/sim_1/imports/Desktop/cd_test.vhd
Error: Error multiplying, 4 * 1 = 4 not 4
Time: 126780 ns  Iteration: 0  Process: /test_multiplicador/p_stim  File: C:/ProyectosVivaldo/multiplicador_algoritmico/multiplicador_algoritmico.srcs/sim_1/imports/Desktop/cd_test.vhd
Error: Error multiplying, 4 * 2 = 8 not 8
Time: 128730 ns  Iteration: 0  Process: /test_multiplicador/p_stim  File: C:/ProyectosVivaldo/multiplicador_algoritmico/multiplicador_algoritmico.srcs/sim_1/imports/Desktop/cd_test.vhd
Error: Error multiplying, 4 * 3 = 12 not 12
Time: 130680 ns  Iteration: 0  Process: /test_multiplicador/p_stim  File: C:/ProyectosVivaldo/multiplicador_algoritmico/multiplicador_algoritmico.srcs/sim_1/imports/Desktop/cd_test.vhd
Error: Error multiplying, 4 * 4 = 16 not 16
Time: 132630 ns  Iteration: 0  Process: /test_multiplicador/p_stim  File: C:/ProyectosVivaldo/multiplicador_algoritmico/multiplicador_algoritmico.srcs/sim_1/imports/Desktop/cd_test.vhd
Error: Error multiplying, 4 * 5 = 20 not 20
Time: 134580 ns  Iteration: 0  Process: /test_multiplicador/p_stim  File: C:/ProyectosVivaldo/multiplicador_algoritmico/multiplicador_algoritmico.srcs/sim_1/imports/Desktop/cd_test.vhd
Error: Error multiplying, 4 * 6 = 24 not 24
Time: 136530 ns  Iteration: 0  Process: /test_multiplicador/p_stim  File: C:/ProyectosVivaldo/multiplicador_algoritmico/multiplicador_algoritmico.srcs/sim_1/imports/Desktop/cd_test.vhd
Error: Error multiplying, 4 * 7 = 28 not 28
Time: 138480 ns  Iteration: 0  Process: /test_multiplicador/p_stim  File: C:/ProyectosVivaldo/multiplicador_algoritmico/multiplicador_algoritmico.srcs/sim_1/imports/Desktop/cd_test.vhd
Error: Error multiplying, 4 * 8 = 32 not 32
Time: 140430 ns  Iteration: 0  Process: /test_multiplicador/p_stim  File: C:/ProyectosVivaldo/multiplicador_algoritmico/multiplicador_algoritmico.srcs/sim_1/imports/Desktop/cd_test.vhd
Error: Error multiplying, 4 * 9 = 36 not 36
Time: 142380 ns  Iteration: 0  Process: /test_multiplicador/p_stim  File: C:/ProyectosVivaldo/multiplicador_algoritmico/multiplicador_algoritmico.srcs/sim_1/imports/Desktop/cd_test.vhd
Error: Error multiplying, 4 * 10 = 40 not 40
Time: 144330 ns  Iteration: 0  Process: /test_multiplicador/p_stim  File: C:/ProyectosVivaldo/multiplicador_algoritmico/multiplicador_algoritmico.srcs/sim_1/imports/Desktop/cd_test.vhd
Error: Error multiplying, 4 * 11 = 44 not 44
Time: 146280 ns  Iteration: 0  Process: /test_multiplicador/p_stim  File: C:/ProyectosVivaldo/multiplicador_algoritmico/multiplicador_algoritmico.srcs/sim_1/imports/Desktop/cd_test.vhd
Error: Error multiplying, 4 * 12 = 48 not 48
Time: 148230 ns  Iteration: 0  Process: /test_multiplicador/p_stim  File: C:/ProyectosVivaldo/multiplicador_algoritmico/multiplicador_algoritmico.srcs/sim_1/imports/Desktop/cd_test.vhd
Error: Error multiplying, 4 * 13 = 52 not 52
Time: 150180 ns  Iteration: 0  Process: /test_multiplicador/p_stim  File: C:/ProyectosVivaldo/multiplicador_algoritmico/multiplicador_algoritmico.srcs/sim_1/imports/Desktop/cd_test.vhd
Error: Error multiplying, 4 * 14 = 56 not 56
Time: 152130 ns  Iteration: 0  Process: /test_multiplicador/p_stim  File: C:/ProyectosVivaldo/multiplicador_algoritmico/multiplicador_algoritmico.srcs/sim_1/imports/Desktop/cd_test.vhd
Error: Error multiplying, 4 * 15 = 60 not 60
Time: 154080 ns  Iteration: 0  Process: /test_multiplicador/p_stim  File: C:/ProyectosVivaldo/multiplicador_algoritmico/multiplicador_algoritmico.srcs/sim_1/imports/Desktop/cd_test.vhd
Error: Error multiplying, 5 * 0 = 0 not 0
Time: 156030 ns  Iteration: 0  Process: /test_multiplicador/p_stim  File: C:/ProyectosVivaldo/multiplicador_algoritmico/multiplicador_algoritmico.srcs/sim_1/imports/Desktop/cd_test.vhd
Error: Error multiplying, 5 * 1 = 5 not 5
Time: 157980 ns  Iteration: 0  Process: /test_multiplicador/p_stim  File: C:/ProyectosVivaldo/multiplicador_algoritmico/multiplicador_algoritmico.srcs/sim_1/imports/Desktop/cd_test.vhd
Error: Error multiplying, 5 * 2 = 10 not 10
Time: 159930 ns  Iteration: 0  Process: /test_multiplicador/p_stim  File: C:/ProyectosVivaldo/multiplicador_algoritmico/multiplicador_algoritmico.srcs/sim_1/imports/Desktop/cd_test.vhd
Error: Error multiplying, 5 * 3 = 15 not 15
Time: 161880 ns  Iteration: 0  Process: /test_multiplicador/p_stim  File: C:/ProyectosVivaldo/multiplicador_algoritmico/multiplicador_algoritmico.srcs/sim_1/imports/Desktop/cd_test.vhd
Error: Error multiplying, 5 * 4 = 20 not 20
Time: 163830 ns  Iteration: 0  Process: /test_multiplicador/p_stim  File: C:/ProyectosVivaldo/multiplicador_algoritmico/multiplicador_algoritmico.srcs/sim_1/imports/Desktop/cd_test.vhd
Error: Error multiplying, 5 * 5 = 25 not 25
Time: 165780 ns  Iteration: 0  Process: /test_multiplicador/p_stim  File: C:/ProyectosVivaldo/multiplicador_algoritmico/multiplicador_algoritmico.srcs/sim_1/imports/Desktop/cd_test.vhd
Error: Error multiplying, 5 * 6 = 30 not 30
Time: 167730 ns  Iteration: 0  Process: /test_multiplicador/p_stim  File: C:/ProyectosVivaldo/multiplicador_algoritmico/multiplicador_algoritmico.srcs/sim_1/imports/Desktop/cd_test.vhd
Error: Error multiplying, 5 * 7 = 35 not 35
Time: 169680 ns  Iteration: 0  Process: /test_multiplicador/p_stim  File: C:/ProyectosVivaldo/multiplicador_algoritmico/multiplicador_algoritmico.srcs/sim_1/imports/Desktop/cd_test.vhd
Error: Error multiplying, 5 * 8 = 40 not 40
Time: 171630 ns  Iteration: 0  Process: /test_multiplicador/p_stim  File: C:/ProyectosVivaldo/multiplicador_algoritmico/multiplicador_algoritmico.srcs/sim_1/imports/Desktop/cd_test.vhd
Error: Error multiplying, 5 * 9 = 45 not 45
Time: 173580 ns  Iteration: 0  Process: /test_multiplicador/p_stim  File: C:/ProyectosVivaldo/multiplicador_algoritmico/multiplicador_algoritmico.srcs/sim_1/imports/Desktop/cd_test.vhd
Error: Error multiplying, 5 * 10 = 50 not 50
Time: 175530 ns  Iteration: 0  Process: /test_multiplicador/p_stim  File: C:/ProyectosVivaldo/multiplicador_algoritmico/multiplicador_algoritmico.srcs/sim_1/imports/Desktop/cd_test.vhd
Error: Error multiplying, 5 * 11 = 55 not 55
Time: 177480 ns  Iteration: 0  Process: /test_multiplicador/p_stim  File: C:/ProyectosVivaldo/multiplicador_algoritmico/multiplicador_algoritmico.srcs/sim_1/imports/Desktop/cd_test.vhd
Error: Error multiplying, 5 * 12 = 60 not 60
Time: 179430 ns  Iteration: 0  Process: /test_multiplicador/p_stim  File: C:/ProyectosVivaldo/multiplicador_algoritmico/multiplicador_algoritmico.srcs/sim_1/imports/Desktop/cd_test.vhd
Error: Error multiplying, 5 * 13 = 65 not 65
Time: 181380 ns  Iteration: 0  Process: /test_multiplicador/p_stim  File: C:/ProyectosVivaldo/multiplicador_algoritmico/multiplicador_algoritmico.srcs/sim_1/imports/Desktop/cd_test.vhd
Error: Error multiplying, 5 * 14 = 70 not 70
Time: 183330 ns  Iteration: 0  Process: /test_multiplicador/p_stim  File: C:/ProyectosVivaldo/multiplicador_algoritmico/multiplicador_algoritmico.srcs/sim_1/imports/Desktop/cd_test.vhd
Error: Error multiplying, 5 * 15 = 75 not 75
Time: 185280 ns  Iteration: 0  Process: /test_multiplicador/p_stim  File: C:/ProyectosVivaldo/multiplicador_algoritmico/multiplicador_algoritmico.srcs/sim_1/imports/Desktop/cd_test.vhd
Error: Error multiplying, 6 * 0 = 0 not 0
Time: 187230 ns  Iteration: 0  Process: /test_multiplicador/p_stim  File: C:/ProyectosVivaldo/multiplicador_algoritmico/multiplicador_algoritmico.srcs/sim_1/imports/Desktop/cd_test.vhd
Error: Error multiplying, 6 * 1 = 6 not 6
Time: 189180 ns  Iteration: 0  Process: /test_multiplicador/p_stim  File: C:/ProyectosVivaldo/multiplicador_algoritmico/multiplicador_algoritmico.srcs/sim_1/imports/Desktop/cd_test.vhd
Error: Error multiplying, 6 * 2 = 12 not 12
Time: 191130 ns  Iteration: 0  Process: /test_multiplicador/p_stim  File: C:/ProyectosVivaldo/multiplicador_algoritmico/multiplicador_algoritmico.srcs/sim_1/imports/Desktop/cd_test.vhd
Error: Error multiplying, 6 * 3 = 18 not 18
Time: 193080 ns  Iteration: 0  Process: /test_multiplicador/p_stim  File: C:/ProyectosVivaldo/multiplicador_algoritmico/multiplicador_algoritmico.srcs/sim_1/imports/Desktop/cd_test.vhd
Error: Error multiplying, 6 * 4 = 24 not 24
Time: 195030 ns  Iteration: 0  Process: /test_multiplicador/p_stim  File: C:/ProyectosVivaldo/multiplicador_algoritmico/multiplicador_algoritmico.srcs/sim_1/imports/Desktop/cd_test.vhd
Error: Error multiplying, 6 * 5 = 30 not 30
Time: 196980 ns  Iteration: 0  Process: /test_multiplicador/p_stim  File: C:/ProyectosVivaldo/multiplicador_algoritmico/multiplicador_algoritmico.srcs/sim_1/imports/Desktop/cd_test.vhd
Error: Error multiplying, 6 * 6 = 36 not 36
Time: 198930 ns  Iteration: 0  Process: /test_multiplicador/p_stim  File: C:/ProyectosVivaldo/multiplicador_algoritmico/multiplicador_algoritmico.srcs/sim_1/imports/Desktop/cd_test.vhd
Error: Error multiplying, 6 * 7 = 42 not 42
Time: 200880 ns  Iteration: 0  Process: /test_multiplicador/p_stim  File: C:/ProyectosVivaldo/multiplicador_algoritmico/multiplicador_algoritmico.srcs/sim_1/imports/Desktop/cd_test.vhd
Error: Error multiplying, 6 * 8 = 48 not 48
Time: 202830 ns  Iteration: 0  Process: /test_multiplicador/p_stim  File: C:/ProyectosVivaldo/multiplicador_algoritmico/multiplicador_algoritmico.srcs/sim_1/imports/Desktop/cd_test.vhd
Error: Error multiplying, 6 * 9 = 54 not 54
Time: 204780 ns  Iteration: 0  Process: /test_multiplicador/p_stim  File: C:/ProyectosVivaldo/multiplicador_algoritmico/multiplicador_algoritmico.srcs/sim_1/imports/Desktop/cd_test.vhd
Error: Error multiplying, 6 * 10 = 60 not 60
Time: 206730 ns  Iteration: 0  Process: /test_multiplicador/p_stim  File: C:/ProyectosVivaldo/multiplicador_algoritmico/multiplicador_algoritmico.srcs/sim_1/imports/Desktop/cd_test.vhd
Error: Error multiplying, 6 * 11 = 66 not 66
Time: 208680 ns  Iteration: 0  Process: /test_multiplicador/p_stim  File: C:/ProyectosVivaldo/multiplicador_algoritmico/multiplicador_algoritmico.srcs/sim_1/imports/Desktop/cd_test.vhd
Error: Error multiplying, 6 * 12 = 72 not 72
Time: 210630 ns  Iteration: 0  Process: /test_multiplicador/p_stim  File: C:/ProyectosVivaldo/multiplicador_algoritmico/multiplicador_algoritmico.srcs/sim_1/imports/Desktop/cd_test.vhd
Error: Error multiplying, 6 * 13 = 78 not 78
Time: 212580 ns  Iteration: 0  Process: /test_multiplicador/p_stim  File: C:/ProyectosVivaldo/multiplicador_algoritmico/multiplicador_algoritmico.srcs/sim_1/imports/Desktop/cd_test.vhd
Error: Error multiplying, 6 * 14 = 84 not 84
Time: 214530 ns  Iteration: 0  Process: /test_multiplicador/p_stim  File: C:/ProyectosVivaldo/multiplicador_algoritmico/multiplicador_algoritmico.srcs/sim_1/imports/Desktop/cd_test.vhd
Error: Error multiplying, 6 * 15 = 90 not 90
Time: 216480 ns  Iteration: 0  Process: /test_multiplicador/p_stim  File: C:/ProyectosVivaldo/multiplicador_algoritmico/multiplicador_algoritmico.srcs/sim_1/imports/Desktop/cd_test.vhd
Error: Error multiplying, 7 * 0 = 0 not 0
Time: 218430 ns  Iteration: 0  Process: /test_multiplicador/p_stim  File: C:/ProyectosVivaldo/multiplicador_algoritmico/multiplicador_algoritmico.srcs/sim_1/imports/Desktop/cd_test.vhd
Error: Error multiplying, 7 * 1 = 7 not 7
Time: 220380 ns  Iteration: 0  Process: /test_multiplicador/p_stim  File: C:/ProyectosVivaldo/multiplicador_algoritmico/multiplicador_algoritmico.srcs/sim_1/imports/Desktop/cd_test.vhd
Error: Error multiplying, 7 * 2 = 14 not 14
Time: 222330 ns  Iteration: 0  Process: /test_multiplicador/p_stim  File: C:/ProyectosVivaldo/multiplicador_algoritmico/multiplicador_algoritmico.srcs/sim_1/imports/Desktop/cd_test.vhd
Error: Error multiplying, 7 * 3 = 21 not 21
Time: 224280 ns  Iteration: 0  Process: /test_multiplicador/p_stim  File: C:/ProyectosVivaldo/multiplicador_algoritmico/multiplicador_algoritmico.srcs/sim_1/imports/Desktop/cd_test.vhd
Error: Error multiplying, 7 * 4 = 28 not 28
Time: 226230 ns  Iteration: 0  Process: /test_multiplicador/p_stim  File: C:/ProyectosVivaldo/multiplicador_algoritmico/multiplicador_algoritmico.srcs/sim_1/imports/Desktop/cd_test.vhd
Error: Error multiplying, 7 * 5 = 35 not 35
Time: 228180 ns  Iteration: 0  Process: /test_multiplicador/p_stim  File: C:/ProyectosVivaldo/multiplicador_algoritmico/multiplicador_algoritmico.srcs/sim_1/imports/Desktop/cd_test.vhd
Error: Error multiplying, 7 * 6 = 42 not 42
Time: 230130 ns  Iteration: 0  Process: /test_multiplicador/p_stim  File: C:/ProyectosVivaldo/multiplicador_algoritmico/multiplicador_algoritmico.srcs/sim_1/imports/Desktop/cd_test.vhd
Error: Error multiplying, 7 * 7 = 49 not 49
Time: 232080 ns  Iteration: 0  Process: /test_multiplicador/p_stim  File: C:/ProyectosVivaldo/multiplicador_algoritmico/multiplicador_algoritmico.srcs/sim_1/imports/Desktop/cd_test.vhd
Error: Error multiplying, 7 * 8 = 56 not 56
Time: 234030 ns  Iteration: 0  Process: /test_multiplicador/p_stim  File: C:/ProyectosVivaldo/multiplicador_algoritmico/multiplicador_algoritmico.srcs/sim_1/imports/Desktop/cd_test.vhd
Error: Error multiplying, 7 * 9 = 63 not 63
Time: 235980 ns  Iteration: 0  Process: /test_multiplicador/p_stim  File: C:/ProyectosVivaldo/multiplicador_algoritmico/multiplicador_algoritmico.srcs/sim_1/imports/Desktop/cd_test.vhd
Error: Error multiplying, 7 * 10 = 70 not 70
Time: 237930 ns  Iteration: 0  Process: /test_multiplicador/p_stim  File: C:/ProyectosVivaldo/multiplicador_algoritmico/multiplicador_algoritmico.srcs/sim_1/imports/Desktop/cd_test.vhd
Error: Error multiplying, 7 * 11 = 77 not 77
Time: 239880 ns  Iteration: 0  Process: /test_multiplicador/p_stim  File: C:/ProyectosVivaldo/multiplicador_algoritmico/multiplicador_algoritmico.srcs/sim_1/imports/Desktop/cd_test.vhd
Error: Error multiplying, 7 * 12 = 84 not 84
Time: 241830 ns  Iteration: 0  Process: /test_multiplicador/p_stim  File: C:/ProyectosVivaldo/multiplicador_algoritmico/multiplicador_algoritmico.srcs/sim_1/imports/Desktop/cd_test.vhd
Error: Error multiplying, 7 * 13 = 91 not 91
Time: 243780 ns  Iteration: 0  Process: /test_multiplicador/p_stim  File: C:/ProyectosVivaldo/multiplicador_algoritmico/multiplicador_algoritmico.srcs/sim_1/imports/Desktop/cd_test.vhd
Error: Error multiplying, 7 * 14 = 98 not 98
Time: 245730 ns  Iteration: 0  Process: /test_multiplicador/p_stim  File: C:/ProyectosVivaldo/multiplicador_algoritmico/multiplicador_algoritmico.srcs/sim_1/imports/Desktop/cd_test.vhd
Error: Error multiplying, 7 * 15 = 105 not 105
Time: 247680 ns  Iteration: 0  Process: /test_multiplicador/p_stim  File: C:/ProyectosVivaldo/multiplicador_algoritmico/multiplicador_algoritmico.srcs/sim_1/imports/Desktop/cd_test.vhd
Error: Error multiplying, 8 * 0 = 0 not 0
Time: 249630 ns  Iteration: 0  Process: /test_multiplicador/p_stim  File: C:/ProyectosVivaldo/multiplicador_algoritmico/multiplicador_algoritmico.srcs/sim_1/imports/Desktop/cd_test.vhd
Error: Error multiplying, 8 * 1 = 8 not 8
Time: 251580 ns  Iteration: 0  Process: /test_multiplicador/p_stim  File: C:/ProyectosVivaldo/multiplicador_algoritmico/multiplicador_algoritmico.srcs/sim_1/imports/Desktop/cd_test.vhd
Error: Error multiplying, 8 * 2 = 16 not 16
Time: 253530 ns  Iteration: 0  Process: /test_multiplicador/p_stim  File: C:/ProyectosVivaldo/multiplicador_algoritmico/multiplicador_algoritmico.srcs/sim_1/imports/Desktop/cd_test.vhd
Error: Error multiplying, 8 * 3 = 24 not 24
Time: 255480 ns  Iteration: 0  Process: /test_multiplicador/p_stim  File: C:/ProyectosVivaldo/multiplicador_algoritmico/multiplicador_algoritmico.srcs/sim_1/imports/Desktop/cd_test.vhd
Error: Error multiplying, 8 * 4 = 32 not 32
Time: 257430 ns  Iteration: 0  Process: /test_multiplicador/p_stim  File: C:/ProyectosVivaldo/multiplicador_algoritmico/multiplicador_algoritmico.srcs/sim_1/imports/Desktop/cd_test.vhd
Error: Error multiplying, 8 * 5 = 40 not 40
Time: 259380 ns  Iteration: 0  Process: /test_multiplicador/p_stim  File: C:/ProyectosVivaldo/multiplicador_algoritmico/multiplicador_algoritmico.srcs/sim_1/imports/Desktop/cd_test.vhd
Error: Error multiplying, 8 * 6 = 48 not 48
Time: 261330 ns  Iteration: 0  Process: /test_multiplicador/p_stim  File: C:/ProyectosVivaldo/multiplicador_algoritmico/multiplicador_algoritmico.srcs/sim_1/imports/Desktop/cd_test.vhd
Error: Error multiplying, 8 * 7 = 56 not 56
Time: 263280 ns  Iteration: 0  Process: /test_multiplicador/p_stim  File: C:/ProyectosVivaldo/multiplicador_algoritmico/multiplicador_algoritmico.srcs/sim_1/imports/Desktop/cd_test.vhd
Error: Error multiplying, 8 * 8 = 64 not 64
Time: 265230 ns  Iteration: 0  Process: /test_multiplicador/p_stim  File: C:/ProyectosVivaldo/multiplicador_algoritmico/multiplicador_algoritmico.srcs/sim_1/imports/Desktop/cd_test.vhd
Error: Error multiplying, 8 * 9 = 72 not 72
Time: 267180 ns  Iteration: 0  Process: /test_multiplicador/p_stim  File: C:/ProyectosVivaldo/multiplicador_algoritmico/multiplicador_algoritmico.srcs/sim_1/imports/Desktop/cd_test.vhd
Error: Error multiplying, 8 * 10 = 80 not 80
Time: 269130 ns  Iteration: 0  Process: /test_multiplicador/p_stim  File: C:/ProyectosVivaldo/multiplicador_algoritmico/multiplicador_algoritmico.srcs/sim_1/imports/Desktop/cd_test.vhd
Error: Error multiplying, 8 * 11 = 88 not 88
Time: 271080 ns  Iteration: 0  Process: /test_multiplicador/p_stim  File: C:/ProyectosVivaldo/multiplicador_algoritmico/multiplicador_algoritmico.srcs/sim_1/imports/Desktop/cd_test.vhd
Error: Error multiplying, 8 * 12 = 96 not 96
Time: 273030 ns  Iteration: 0  Process: /test_multiplicador/p_stim  File: C:/ProyectosVivaldo/multiplicador_algoritmico/multiplicador_algoritmico.srcs/sim_1/imports/Desktop/cd_test.vhd
Error: Error multiplying, 8 * 13 = 104 not 104
Time: 274980 ns  Iteration: 0  Process: /test_multiplicador/p_stim  File: C:/ProyectosVivaldo/multiplicador_algoritmico/multiplicador_algoritmico.srcs/sim_1/imports/Desktop/cd_test.vhd
Error: Error multiplying, 8 * 14 = 112 not 112
Time: 276930 ns  Iteration: 0  Process: /test_multiplicador/p_stim  File: C:/ProyectosVivaldo/multiplicador_algoritmico/multiplicador_algoritmico.srcs/sim_1/imports/Desktop/cd_test.vhd
Error: Error multiplying, 8 * 15 = 120 not 120
Time: 278880 ns  Iteration: 0  Process: /test_multiplicador/p_stim  File: C:/ProyectosVivaldo/multiplicador_algoritmico/multiplicador_algoritmico.srcs/sim_1/imports/Desktop/cd_test.vhd
Error: Error multiplying, 9 * 0 = 0 not 0
Time: 280830 ns  Iteration: 0  Process: /test_multiplicador/p_stim  File: C:/ProyectosVivaldo/multiplicador_algoritmico/multiplicador_algoritmico.srcs/sim_1/imports/Desktop/cd_test.vhd
Error: Error multiplying, 9 * 1 = 9 not 9
Time: 282780 ns  Iteration: 0  Process: /test_multiplicador/p_stim  File: C:/ProyectosVivaldo/multiplicador_algoritmico/multiplicador_algoritmico.srcs/sim_1/imports/Desktop/cd_test.vhd
Error: Error multiplying, 9 * 2 = 18 not 18
Time: 284730 ns  Iteration: 0  Process: /test_multiplicador/p_stim  File: C:/ProyectosVivaldo/multiplicador_algoritmico/multiplicador_algoritmico.srcs/sim_1/imports/Desktop/cd_test.vhd
Error: Error multiplying, 9 * 3 = 27 not 27
Time: 286680 ns  Iteration: 0  Process: /test_multiplicador/p_stim  File: C:/ProyectosVivaldo/multiplicador_algoritmico/multiplicador_algoritmico.srcs/sim_1/imports/Desktop/cd_test.vhd
Error: Error multiplying, 9 * 4 = 36 not 36
Time: 288630 ns  Iteration: 0  Process: /test_multiplicador/p_stim  File: C:/ProyectosVivaldo/multiplicador_algoritmico/multiplicador_algoritmico.srcs/sim_1/imports/Desktop/cd_test.vhd
Error: Error multiplying, 9 * 5 = 45 not 45
Time: 290580 ns  Iteration: 0  Process: /test_multiplicador/p_stim  File: C:/ProyectosVivaldo/multiplicador_algoritmico/multiplicador_algoritmico.srcs/sim_1/imports/Desktop/cd_test.vhd
Error: Error multiplying, 9 * 6 = 54 not 54
Time: 292530 ns  Iteration: 0  Process: /test_multiplicador/p_stim  File: C:/ProyectosVivaldo/multiplicador_algoritmico/multiplicador_algoritmico.srcs/sim_1/imports/Desktop/cd_test.vhd
Error: Error multiplying, 9 * 7 = 63 not 63
Time: 294480 ns  Iteration: 0  Process: /test_multiplicador/p_stim  File: C:/ProyectosVivaldo/multiplicador_algoritmico/multiplicador_algoritmico.srcs/sim_1/imports/Desktop/cd_test.vhd
Error: Error multiplying, 9 * 8 = 72 not 72
Time: 296430 ns  Iteration: 0  Process: /test_multiplicador/p_stim  File: C:/ProyectosVivaldo/multiplicador_algoritmico/multiplicador_algoritmico.srcs/sim_1/imports/Desktop/cd_test.vhd
Error: Error multiplying, 9 * 9 = 81 not 81
Time: 298380 ns  Iteration: 0  Process: /test_multiplicador/p_stim  File: C:/ProyectosVivaldo/multiplicador_algoritmico/multiplicador_algoritmico.srcs/sim_1/imports/Desktop/cd_test.vhd
Error: Error multiplying, 9 * 10 = 90 not 90
Time: 300330 ns  Iteration: 0  Process: /test_multiplicador/p_stim  File: C:/ProyectosVivaldo/multiplicador_algoritmico/multiplicador_algoritmico.srcs/sim_1/imports/Desktop/cd_test.vhd
Error: Error multiplying, 9 * 11 = 99 not 99
Time: 302280 ns  Iteration: 0  Process: /test_multiplicador/p_stim  File: C:/ProyectosVivaldo/multiplicador_algoritmico/multiplicador_algoritmico.srcs/sim_1/imports/Desktop/cd_test.vhd
Error: Error multiplying, 9 * 12 = 108 not 108
Time: 304230 ns  Iteration: 0  Process: /test_multiplicador/p_stim  File: C:/ProyectosVivaldo/multiplicador_algoritmico/multiplicador_algoritmico.srcs/sim_1/imports/Desktop/cd_test.vhd
Error: Error multiplying, 9 * 13 = 117 not 117
Time: 306180 ns  Iteration: 0  Process: /test_multiplicador/p_stim  File: C:/ProyectosVivaldo/multiplicador_algoritmico/multiplicador_algoritmico.srcs/sim_1/imports/Desktop/cd_test.vhd
Error: Error multiplying, 9 * 14 = 126 not 126
Time: 308130 ns  Iteration: 0  Process: /test_multiplicador/p_stim  File: C:/ProyectosVivaldo/multiplicador_algoritmico/multiplicador_algoritmico.srcs/sim_1/imports/Desktop/cd_test.vhd
Error: Error multiplying, 9 * 15 = 135 not 135
Time: 310080 ns  Iteration: 0  Process: /test_multiplicador/p_stim  File: C:/ProyectosVivaldo/multiplicador_algoritmico/multiplicador_algoritmico.srcs/sim_1/imports/Desktop/cd_test.vhd
Error: Error multiplying, 10 * 0 = 0 not 0
Time: 312030 ns  Iteration: 0  Process: /test_multiplicador/p_stim  File: C:/ProyectosVivaldo/multiplicador_algoritmico/multiplicador_algoritmico.srcs/sim_1/imports/Desktop/cd_test.vhd
Error: Error multiplying, 10 * 1 = 10 not 10
Time: 313980 ns  Iteration: 0  Process: /test_multiplicador/p_stim  File: C:/ProyectosVivaldo/multiplicador_algoritmico/multiplicador_algoritmico.srcs/sim_1/imports/Desktop/cd_test.vhd
Error: Error multiplying, 10 * 2 = 20 not 20
Time: 315930 ns  Iteration: 0  Process: /test_multiplicador/p_stim  File: C:/ProyectosVivaldo/multiplicador_algoritmico/multiplicador_algoritmico.srcs/sim_1/imports/Desktop/cd_test.vhd
Error: Error multiplying, 10 * 3 = 30 not 30
Time: 317880 ns  Iteration: 0  Process: /test_multiplicador/p_stim  File: C:/ProyectosVivaldo/multiplicador_algoritmico/multiplicador_algoritmico.srcs/sim_1/imports/Desktop/cd_test.vhd
Error: Error multiplying, 10 * 4 = 40 not 40
Time: 319830 ns  Iteration: 0  Process: /test_multiplicador/p_stim  File: C:/ProyectosVivaldo/multiplicador_algoritmico/multiplicador_algoritmico.srcs/sim_1/imports/Desktop/cd_test.vhd
Error: Error multiplying, 10 * 5 = 50 not 50
Time: 321780 ns  Iteration: 0  Process: /test_multiplicador/p_stim  File: C:/ProyectosVivaldo/multiplicador_algoritmico/multiplicador_algoritmico.srcs/sim_1/imports/Desktop/cd_test.vhd
Error: Error multiplying, 10 * 6 = 60 not 60
Time: 323730 ns  Iteration: 0  Process: /test_multiplicador/p_stim  File: C:/ProyectosVivaldo/multiplicador_algoritmico/multiplicador_algoritmico.srcs/sim_1/imports/Desktop/cd_test.vhd
Error: Error multiplying, 10 * 7 = 70 not 70
Time: 325680 ns  Iteration: 0  Process: /test_multiplicador/p_stim  File: C:/ProyectosVivaldo/multiplicador_algoritmico/multiplicador_algoritmico.srcs/sim_1/imports/Desktop/cd_test.vhd
Error: Error multiplying, 10 * 8 = 80 not 80
Time: 327630 ns  Iteration: 0  Process: /test_multiplicador/p_stim  File: C:/ProyectosVivaldo/multiplicador_algoritmico/multiplicador_algoritmico.srcs/sim_1/imports/Desktop/cd_test.vhd
Error: Error multiplying, 10 * 9 = 90 not 90
Time: 329580 ns  Iteration: 0  Process: /test_multiplicador/p_stim  File: C:/ProyectosVivaldo/multiplicador_algoritmico/multiplicador_algoritmico.srcs/sim_1/imports/Desktop/cd_test.vhd
Error: Error multiplying, 10 * 10 = 100 not 100
Time: 331530 ns  Iteration: 0  Process: /test_multiplicador/p_stim  File: C:/ProyectosVivaldo/multiplicador_algoritmico/multiplicador_algoritmico.srcs/sim_1/imports/Desktop/cd_test.vhd
Error: Error multiplying, 10 * 11 = 110 not 110
Time: 333480 ns  Iteration: 0  Process: /test_multiplicador/p_stim  File: C:/ProyectosVivaldo/multiplicador_algoritmico/multiplicador_algoritmico.srcs/sim_1/imports/Desktop/cd_test.vhd
Error: Error multiplying, 10 * 12 = 120 not 120
Time: 335430 ns  Iteration: 0  Process: /test_multiplicador/p_stim  File: C:/ProyectosVivaldo/multiplicador_algoritmico/multiplicador_algoritmico.srcs/sim_1/imports/Desktop/cd_test.vhd
Error: Error multiplying, 10 * 13 = 130 not 130
Time: 337380 ns  Iteration: 0  Process: /test_multiplicador/p_stim  File: C:/ProyectosVivaldo/multiplicador_algoritmico/multiplicador_algoritmico.srcs/sim_1/imports/Desktop/cd_test.vhd
Error: Error multiplying, 10 * 14 = 140 not 140
Time: 339330 ns  Iteration: 0  Process: /test_multiplicador/p_stim  File: C:/ProyectosVivaldo/multiplicador_algoritmico/multiplicador_algoritmico.srcs/sim_1/imports/Desktop/cd_test.vhd
Error: Error multiplying, 10 * 15 = 150 not 150
Time: 341280 ns  Iteration: 0  Process: /test_multiplicador/p_stim  File: C:/ProyectosVivaldo/multiplicador_algoritmico/multiplicador_algoritmico.srcs/sim_1/imports/Desktop/cd_test.vhd
Error: Error multiplying, 11 * 0 = 0 not 0
Time: 343230 ns  Iteration: 0  Process: /test_multiplicador/p_stim  File: C:/ProyectosVivaldo/multiplicador_algoritmico/multiplicador_algoritmico.srcs/sim_1/imports/Desktop/cd_test.vhd
Error: Error multiplying, 11 * 1 = 11 not 11
Time: 345180 ns  Iteration: 0  Process: /test_multiplicador/p_stim  File: C:/ProyectosVivaldo/multiplicador_algoritmico/multiplicador_algoritmico.srcs/sim_1/imports/Desktop/cd_test.vhd
Error: Error multiplying, 11 * 2 = 22 not 22
Time: 347130 ns  Iteration: 0  Process: /test_multiplicador/p_stim  File: C:/ProyectosVivaldo/multiplicador_algoritmico/multiplicador_algoritmico.srcs/sim_1/imports/Desktop/cd_test.vhd
Error: Error multiplying, 11 * 3 = 33 not 33
Time: 349080 ns  Iteration: 0  Process: /test_multiplicador/p_stim  File: C:/ProyectosVivaldo/multiplicador_algoritmico/multiplicador_algoritmico.srcs/sim_1/imports/Desktop/cd_test.vhd
Error: Error multiplying, 11 * 4 = 44 not 44
Time: 351030 ns  Iteration: 0  Process: /test_multiplicador/p_stim  File: C:/ProyectosVivaldo/multiplicador_algoritmico/multiplicador_algoritmico.srcs/sim_1/imports/Desktop/cd_test.vhd
Error: Error multiplying, 11 * 5 = 55 not 55
Time: 352980 ns  Iteration: 0  Process: /test_multiplicador/p_stim  File: C:/ProyectosVivaldo/multiplicador_algoritmico/multiplicador_algoritmico.srcs/sim_1/imports/Desktop/cd_test.vhd
Error: Error multiplying, 11 * 6 = 66 not 66
Time: 354930 ns  Iteration: 0  Process: /test_multiplicador/p_stim  File: C:/ProyectosVivaldo/multiplicador_algoritmico/multiplicador_algoritmico.srcs/sim_1/imports/Desktop/cd_test.vhd
Error: Error multiplying, 11 * 7 = 77 not 77
Time: 356880 ns  Iteration: 0  Process: /test_multiplicador/p_stim  File: C:/ProyectosVivaldo/multiplicador_algoritmico/multiplicador_algoritmico.srcs/sim_1/imports/Desktop/cd_test.vhd
Error: Error multiplying, 11 * 8 = 88 not 88
Time: 358830 ns  Iteration: 0  Process: /test_multiplicador/p_stim  File: C:/ProyectosVivaldo/multiplicador_algoritmico/multiplicador_algoritmico.srcs/sim_1/imports/Desktop/cd_test.vhd
Error: Error multiplying, 11 * 9 = 99 not 99
Time: 360780 ns  Iteration: 0  Process: /test_multiplicador/p_stim  File: C:/ProyectosVivaldo/multiplicador_algoritmico/multiplicador_algoritmico.srcs/sim_1/imports/Desktop/cd_test.vhd
Error: Error multiplying, 11 * 10 = 110 not 110
Time: 362730 ns  Iteration: 0  Process: /test_multiplicador/p_stim  File: C:/ProyectosVivaldo/multiplicador_algoritmico/multiplicador_algoritmico.srcs/sim_1/imports/Desktop/cd_test.vhd
Error: Error multiplying, 11 * 11 = 121 not 121
Time: 364680 ns  Iteration: 0  Process: /test_multiplicador/p_stim  File: C:/ProyectosVivaldo/multiplicador_algoritmico/multiplicador_algoritmico.srcs/sim_1/imports/Desktop/cd_test.vhd
Error: Error multiplying, 11 * 12 = 132 not 132
Time: 366630 ns  Iteration: 0  Process: /test_multiplicador/p_stim  File: C:/ProyectosVivaldo/multiplicador_algoritmico/multiplicador_algoritmico.srcs/sim_1/imports/Desktop/cd_test.vhd
Error: Error multiplying, 11 * 13 = 143 not 143
Time: 368580 ns  Iteration: 0  Process: /test_multiplicador/p_stim  File: C:/ProyectosVivaldo/multiplicador_algoritmico/multiplicador_algoritmico.srcs/sim_1/imports/Desktop/cd_test.vhd
Error: Error multiplying, 11 * 14 = 154 not 154
Time: 370530 ns  Iteration: 0  Process: /test_multiplicador/p_stim  File: C:/ProyectosVivaldo/multiplicador_algoritmico/multiplicador_algoritmico.srcs/sim_1/imports/Desktop/cd_test.vhd
Error: Error multiplying, 11 * 15 = 165 not 165
Time: 372480 ns  Iteration: 0  Process: /test_multiplicador/p_stim  File: C:/ProyectosVivaldo/multiplicador_algoritmico/multiplicador_algoritmico.srcs/sim_1/imports/Desktop/cd_test.vhd
Error: Error multiplying, 12 * 0 = 0 not 0
Time: 374430 ns  Iteration: 0  Process: /test_multiplicador/p_stim  File: C:/ProyectosVivaldo/multiplicador_algoritmico/multiplicador_algoritmico.srcs/sim_1/imports/Desktop/cd_test.vhd
Error: Error multiplying, 12 * 1 = 12 not 12
Time: 376380 ns  Iteration: 0  Process: /test_multiplicador/p_stim  File: C:/ProyectosVivaldo/multiplicador_algoritmico/multiplicador_algoritmico.srcs/sim_1/imports/Desktop/cd_test.vhd
Error: Error multiplying, 12 * 2 = 24 not 24
Time: 378330 ns  Iteration: 0  Process: /test_multiplicador/p_stim  File: C:/ProyectosVivaldo/multiplicador_algoritmico/multiplicador_algoritmico.srcs/sim_1/imports/Desktop/cd_test.vhd
Error: Error multiplying, 12 * 3 = 36 not 36
Time: 380280 ns  Iteration: 0  Process: /test_multiplicador/p_stim  File: C:/ProyectosVivaldo/multiplicador_algoritmico/multiplicador_algoritmico.srcs/sim_1/imports/Desktop/cd_test.vhd
Error: Error multiplying, 12 * 4 = 48 not 48
Time: 382230 ns  Iteration: 0  Process: /test_multiplicador/p_stim  File: C:/ProyectosVivaldo/multiplicador_algoritmico/multiplicador_algoritmico.srcs/sim_1/imports/Desktop/cd_test.vhd
Error: Error multiplying, 12 * 5 = 60 not 60
Time: 384180 ns  Iteration: 0  Process: /test_multiplicador/p_stim  File: C:/ProyectosVivaldo/multiplicador_algoritmico/multiplicador_algoritmico.srcs/sim_1/imports/Desktop/cd_test.vhd
Error: Error multiplying, 12 * 6 = 72 not 72
Time: 386130 ns  Iteration: 0  Process: /test_multiplicador/p_stim  File: C:/ProyectosVivaldo/multiplicador_algoritmico/multiplicador_algoritmico.srcs/sim_1/imports/Desktop/cd_test.vhd
Error: Error multiplying, 12 * 7 = 84 not 84
Time: 388080 ns  Iteration: 0  Process: /test_multiplicador/p_stim  File: C:/ProyectosVivaldo/multiplicador_algoritmico/multiplicador_algoritmico.srcs/sim_1/imports/Desktop/cd_test.vhd
Error: Error multiplying, 12 * 8 = 96 not 96
Time: 390030 ns  Iteration: 0  Process: /test_multiplicador/p_stim  File: C:/ProyectosVivaldo/multiplicador_algoritmico/multiplicador_algoritmico.srcs/sim_1/imports/Desktop/cd_test.vhd
Error: Error multiplying, 12 * 9 = 108 not 108
Time: 391980 ns  Iteration: 0  Process: /test_multiplicador/p_stim  File: C:/ProyectosVivaldo/multiplicador_algoritmico/multiplicador_algoritmico.srcs/sim_1/imports/Desktop/cd_test.vhd
Error: Error multiplying, 12 * 10 = 120 not 120
Time: 393930 ns  Iteration: 0  Process: /test_multiplicador/p_stim  File: C:/ProyectosVivaldo/multiplicador_algoritmico/multiplicador_algoritmico.srcs/sim_1/imports/Desktop/cd_test.vhd
Error: Error multiplying, 12 * 11 = 132 not 132
Time: 395880 ns  Iteration: 0  Process: /test_multiplicador/p_stim  File: C:/ProyectosVivaldo/multiplicador_algoritmico/multiplicador_algoritmico.srcs/sim_1/imports/Desktop/cd_test.vhd
Error: Error multiplying, 12 * 12 = 144 not 144
Time: 397830 ns  Iteration: 0  Process: /test_multiplicador/p_stim  File: C:/ProyectosVivaldo/multiplicador_algoritmico/multiplicador_algoritmico.srcs/sim_1/imports/Desktop/cd_test.vhd
Error: Error multiplying, 12 * 13 = 156 not 156
Time: 399780 ns  Iteration: 0  Process: /test_multiplicador/p_stim  File: C:/ProyectosVivaldo/multiplicador_algoritmico/multiplicador_algoritmico.srcs/sim_1/imports/Desktop/cd_test.vhd
Error: Error multiplying, 12 * 14 = 168 not 168
Time: 401730 ns  Iteration: 0  Process: /test_multiplicador/p_stim  File: C:/ProyectosVivaldo/multiplicador_algoritmico/multiplicador_algoritmico.srcs/sim_1/imports/Desktop/cd_test.vhd
Error: Error multiplying, 12 * 15 = 180 not 180
Time: 403680 ns  Iteration: 0  Process: /test_multiplicador/p_stim  File: C:/ProyectosVivaldo/multiplicador_algoritmico/multiplicador_algoritmico.srcs/sim_1/imports/Desktop/cd_test.vhd
Error: Error multiplying, 13 * 0 = 0 not 0
Time: 405630 ns  Iteration: 0  Process: /test_multiplicador/p_stim  File: C:/ProyectosVivaldo/multiplicador_algoritmico/multiplicador_algoritmico.srcs/sim_1/imports/Desktop/cd_test.vhd
Error: Error multiplying, 13 * 1 = 13 not 13
Time: 407580 ns  Iteration: 0  Process: /test_multiplicador/p_stim  File: C:/ProyectosVivaldo/multiplicador_algoritmico/multiplicador_algoritmico.srcs/sim_1/imports/Desktop/cd_test.vhd
Error: Error multiplying, 13 * 2 = 26 not 26
Time: 409530 ns  Iteration: 0  Process: /test_multiplicador/p_stim  File: C:/ProyectosVivaldo/multiplicador_algoritmico/multiplicador_algoritmico.srcs/sim_1/imports/Desktop/cd_test.vhd
Error: Error multiplying, 13 * 3 = 39 not 39
Time: 411480 ns  Iteration: 0  Process: /test_multiplicador/p_stim  File: C:/ProyectosVivaldo/multiplicador_algoritmico/multiplicador_algoritmico.srcs/sim_1/imports/Desktop/cd_test.vhd
Error: Error multiplying, 13 * 4 = 52 not 52
Time: 413430 ns  Iteration: 0  Process: /test_multiplicador/p_stim  File: C:/ProyectosVivaldo/multiplicador_algoritmico/multiplicador_algoritmico.srcs/sim_1/imports/Desktop/cd_test.vhd
Error: Error multiplying, 13 * 5 = 65 not 65
Time: 415380 ns  Iteration: 0  Process: /test_multiplicador/p_stim  File: C:/ProyectosVivaldo/multiplicador_algoritmico/multiplicador_algoritmico.srcs/sim_1/imports/Desktop/cd_test.vhd
Error: Error multiplying, 13 * 6 = 78 not 78
Time: 417330 ns  Iteration: 0  Process: /test_multiplicador/p_stim  File: C:/ProyectosVivaldo/multiplicador_algoritmico/multiplicador_algoritmico.srcs/sim_1/imports/Desktop/cd_test.vhd
Error: Error multiplying, 13 * 7 = 91 not 91
Time: 419280 ns  Iteration: 0  Process: /test_multiplicador/p_stim  File: C:/ProyectosVivaldo/multiplicador_algoritmico/multiplicador_algoritmico.srcs/sim_1/imports/Desktop/cd_test.vhd
Error: Error multiplying, 13 * 8 = 104 not 104
Time: 421230 ns  Iteration: 0  Process: /test_multiplicador/p_stim  File: C:/ProyectosVivaldo/multiplicador_algoritmico/multiplicador_algoritmico.srcs/sim_1/imports/Desktop/cd_test.vhd
Error: Error multiplying, 13 * 9 = 117 not 117
Time: 423180 ns  Iteration: 0  Process: /test_multiplicador/p_stim  File: C:/ProyectosVivaldo/multiplicador_algoritmico/multiplicador_algoritmico.srcs/sim_1/imports/Desktop/cd_test.vhd
Error: Error multiplying, 13 * 10 = 130 not 130
Time: 425130 ns  Iteration: 0  Process: /test_multiplicador/p_stim  File: C:/ProyectosVivaldo/multiplicador_algoritmico/multiplicador_algoritmico.srcs/sim_1/imports/Desktop/cd_test.vhd
Error: Error multiplying, 13 * 11 = 143 not 143
Time: 427080 ns  Iteration: 0  Process: /test_multiplicador/p_stim  File: C:/ProyectosVivaldo/multiplicador_algoritmico/multiplicador_algoritmico.srcs/sim_1/imports/Desktop/cd_test.vhd
Error: Error multiplying, 13 * 12 = 156 not 156
Time: 429030 ns  Iteration: 0  Process: /test_multiplicador/p_stim  File: C:/ProyectosVivaldo/multiplicador_algoritmico/multiplicador_algoritmico.srcs/sim_1/imports/Desktop/cd_test.vhd
Error: Error multiplying, 13 * 13 = 169 not 169
Time: 430980 ns  Iteration: 0  Process: /test_multiplicador/p_stim  File: C:/ProyectosVivaldo/multiplicador_algoritmico/multiplicador_algoritmico.srcs/sim_1/imports/Desktop/cd_test.vhd
Error: Error multiplying, 13 * 14 = 182 not 182
Time: 432930 ns  Iteration: 0  Process: /test_multiplicador/p_stim  File: C:/ProyectosVivaldo/multiplicador_algoritmico/multiplicador_algoritmico.srcs/sim_1/imports/Desktop/cd_test.vhd
Error: Error multiplying, 13 * 15 = 195 not 195
Time: 434880 ns  Iteration: 0  Process: /test_multiplicador/p_stim  File: C:/ProyectosVivaldo/multiplicador_algoritmico/multiplicador_algoritmico.srcs/sim_1/imports/Desktop/cd_test.vhd
Error: Error multiplying, 14 * 0 = 0 not 0
Time: 436830 ns  Iteration: 0  Process: /test_multiplicador/p_stim  File: C:/ProyectosVivaldo/multiplicador_algoritmico/multiplicador_algoritmico.srcs/sim_1/imports/Desktop/cd_test.vhd
Error: Error multiplying, 14 * 1 = 14 not 14
Time: 438780 ns  Iteration: 0  Process: /test_multiplicador/p_stim  File: C:/ProyectosVivaldo/multiplicador_algoritmico/multiplicador_algoritmico.srcs/sim_1/imports/Desktop/cd_test.vhd
Error: Error multiplying, 14 * 2 = 28 not 28
Time: 440730 ns  Iteration: 0  Process: /test_multiplicador/p_stim  File: C:/ProyectosVivaldo/multiplicador_algoritmico/multiplicador_algoritmico.srcs/sim_1/imports/Desktop/cd_test.vhd
Error: Error multiplying, 14 * 3 = 42 not 42
Time: 442680 ns  Iteration: 0  Process: /test_multiplicador/p_stim  File: C:/ProyectosVivaldo/multiplicador_algoritmico/multiplicador_algoritmico.srcs/sim_1/imports/Desktop/cd_test.vhd
Error: Error multiplying, 14 * 4 = 56 not 56
Time: 444630 ns  Iteration: 0  Process: /test_multiplicador/p_stim  File: C:/ProyectosVivaldo/multiplicador_algoritmico/multiplicador_algoritmico.srcs/sim_1/imports/Desktop/cd_test.vhd
Error: Error multiplying, 14 * 5 = 70 not 70
Time: 446580 ns  Iteration: 0  Process: /test_multiplicador/p_stim  File: C:/ProyectosVivaldo/multiplicador_algoritmico/multiplicador_algoritmico.srcs/sim_1/imports/Desktop/cd_test.vhd
Error: Error multiplying, 14 * 6 = 84 not 84
Time: 448530 ns  Iteration: 0  Process: /test_multiplicador/p_stim  File: C:/ProyectosVivaldo/multiplicador_algoritmico/multiplicador_algoritmico.srcs/sim_1/imports/Desktop/cd_test.vhd
Error: Error multiplying, 14 * 7 = 98 not 98
Time: 450480 ns  Iteration: 0  Process: /test_multiplicador/p_stim  File: C:/ProyectosVivaldo/multiplicador_algoritmico/multiplicador_algoritmico.srcs/sim_1/imports/Desktop/cd_test.vhd
Error: Error multiplying, 14 * 8 = 112 not 112
Time: 452430 ns  Iteration: 0  Process: /test_multiplicador/p_stim  File: C:/ProyectosVivaldo/multiplicador_algoritmico/multiplicador_algoritmico.srcs/sim_1/imports/Desktop/cd_test.vhd
Error: Error multiplying, 14 * 9 = 126 not 126
Time: 454380 ns  Iteration: 0  Process: /test_multiplicador/p_stim  File: C:/ProyectosVivaldo/multiplicador_algoritmico/multiplicador_algoritmico.srcs/sim_1/imports/Desktop/cd_test.vhd
Error: Error multiplying, 14 * 10 = 140 not 140
Time: 456330 ns  Iteration: 0  Process: /test_multiplicador/p_stim  File: C:/ProyectosVivaldo/multiplicador_algoritmico/multiplicador_algoritmico.srcs/sim_1/imports/Desktop/cd_test.vhd
Error: Error multiplying, 14 * 11 = 154 not 154
Time: 458280 ns  Iteration: 0  Process: /test_multiplicador/p_stim  File: C:/ProyectosVivaldo/multiplicador_algoritmico/multiplicador_algoritmico.srcs/sim_1/imports/Desktop/cd_test.vhd
Error: Error multiplying, 14 * 12 = 168 not 168
Time: 460230 ns  Iteration: 0  Process: /test_multiplicador/p_stim  File: C:/ProyectosVivaldo/multiplicador_algoritmico/multiplicador_algoritmico.srcs/sim_1/imports/Desktop/cd_test.vhd
Error: Error multiplying, 14 * 13 = 182 not 182
Time: 462180 ns  Iteration: 0  Process: /test_multiplicador/p_stim  File: C:/ProyectosVivaldo/multiplicador_algoritmico/multiplicador_algoritmico.srcs/sim_1/imports/Desktop/cd_test.vhd
Error: Error multiplying, 14 * 14 = 196 not 196
Time: 464130 ns  Iteration: 0  Process: /test_multiplicador/p_stim  File: C:/ProyectosVivaldo/multiplicador_algoritmico/multiplicador_algoritmico.srcs/sim_1/imports/Desktop/cd_test.vhd
Error: Error multiplying, 14 * 15 = 210 not 210
Time: 466080 ns  Iteration: 0  Process: /test_multiplicador/p_stim  File: C:/ProyectosVivaldo/multiplicador_algoritmico/multiplicador_algoritmico.srcs/sim_1/imports/Desktop/cd_test.vhd
Error: Error multiplying, 15 * 0 = 0 not 0
Time: 468030 ns  Iteration: 0  Process: /test_multiplicador/p_stim  File: C:/ProyectosVivaldo/multiplicador_algoritmico/multiplicador_algoritmico.srcs/sim_1/imports/Desktop/cd_test.vhd
Error: Error multiplying, 15 * 1 = 15 not 15
Time: 469980 ns  Iteration: 0  Process: /test_multiplicador/p_stim  File: C:/ProyectosVivaldo/multiplicador_algoritmico/multiplicador_algoritmico.srcs/sim_1/imports/Desktop/cd_test.vhd
Error: Error multiplying, 15 * 2 = 30 not 30
Time: 471930 ns  Iteration: 0  Process: /test_multiplicador/p_stim  File: C:/ProyectosVivaldo/multiplicador_algoritmico/multiplicador_algoritmico.srcs/sim_1/imports/Desktop/cd_test.vhd
Error: Error multiplying, 15 * 3 = 45 not 45
Time: 473880 ns  Iteration: 0  Process: /test_multiplicador/p_stim  File: C:/ProyectosVivaldo/multiplicador_algoritmico/multiplicador_algoritmico.srcs/sim_1/imports/Desktop/cd_test.vhd
Error: Error multiplying, 15 * 4 = 60 not 60
Time: 475830 ns  Iteration: 0  Process: /test_multiplicador/p_stim  File: C:/ProyectosVivaldo/multiplicador_algoritmico/multiplicador_algoritmico.srcs/sim_1/imports/Desktop/cd_test.vhd
Error: Error multiplying, 15 * 5 = 75 not 75
Time: 477780 ns  Iteration: 0  Process: /test_multiplicador/p_stim  File: C:/ProyectosVivaldo/multiplicador_algoritmico/multiplicador_algoritmico.srcs/sim_1/imports/Desktop/cd_test.vhd
Error: Error multiplying, 15 * 6 = 90 not 90
Time: 479730 ns  Iteration: 0  Process: /test_multiplicador/p_stim  File: C:/ProyectosVivaldo/multiplicador_algoritmico/multiplicador_algoritmico.srcs/sim_1/imports/Desktop/cd_test.vhd
Error: Error multiplying, 15 * 7 = 105 not 105
Time: 481680 ns  Iteration: 0  Process: /test_multiplicador/p_stim  File: C:/ProyectosVivaldo/multiplicador_algoritmico/multiplicador_algoritmico.srcs/sim_1/imports/Desktop/cd_test.vhd
Error: Error multiplying, 15 * 8 = 120 not 120
Time: 483630 ns  Iteration: 0  Process: /test_multiplicador/p_stim  File: C:/ProyectosVivaldo/multiplicador_algoritmico/multiplicador_algoritmico.srcs/sim_1/imports/Desktop/cd_test.vhd
Error: Error multiplying, 15 * 9 = 135 not 135
Time: 485580 ns  Iteration: 0  Process: /test_multiplicador/p_stim  File: C:/ProyectosVivaldo/multiplicador_algoritmico/multiplicador_algoritmico.srcs/sim_1/imports/Desktop/cd_test.vhd
Error: Error multiplying, 15 * 10 = 150 not 150
Time: 487530 ns  Iteration: 0  Process: /test_multiplicador/p_stim  File: C:/ProyectosVivaldo/multiplicador_algoritmico/multiplicador_algoritmico.srcs/sim_1/imports/Desktop/cd_test.vhd
Error: Error multiplying, 15 * 11 = 165 not 165
Time: 489480 ns  Iteration: 0  Process: /test_multiplicador/p_stim  File: C:/ProyectosVivaldo/multiplicador_algoritmico/multiplicador_algoritmico.srcs/sim_1/imports/Desktop/cd_test.vhd
Error: Error multiplying, 15 * 12 = 180 not 180
Time: 491430 ns  Iteration: 0  Process: /test_multiplicador/p_stim  File: C:/ProyectosVivaldo/multiplicador_algoritmico/multiplicador_algoritmico.srcs/sim_1/imports/Desktop/cd_test.vhd
Error: Error multiplying, 15 * 13 = 195 not 195
Time: 493380 ns  Iteration: 0  Process: /test_multiplicador/p_stim  File: C:/ProyectosVivaldo/multiplicador_algoritmico/multiplicador_algoritmico.srcs/sim_1/imports/Desktop/cd_test.vhd
Error: Error multiplying, 15 * 14 = 210 not 210
Time: 495330 ns  Iteration: 0  Process: /test_multiplicador/p_stim  File: C:/ProyectosVivaldo/multiplicador_algoritmico/multiplicador_algoritmico.srcs/sim_1/imports/Desktop/cd_test.vhd
Error: Error multiplying, 15 * 15 = 225 not 225
Time: 497280 ns  Iteration: 0  Process: /test_multiplicador/p_stim  File: C:/ProyectosVivaldo/multiplicador_algoritmico/multiplicador_algoritmico.srcs/sim_1/imports/Desktop/cd_test.vhd
