
*** Running vivado
    with args -log multiplicador.vds -m64 -product Vivado -mode batch -messageDb vivado.pb -notrace -source multiplicador.tcl


****** Vivado v2019.1 (64-bit)
  **** SW Build 2552052 on Fri May 24 14:49:42 MDT 2019
  **** IP Build 2548770 on Fri May 24 18:01:18 MDT 2019
    ** Copyright 1986-2019 Xilinx, Inc. All Rights Reserved.

source multiplicador.tcl -notrace
Command: synth_design -top multiplicador -part xc7a35tcpg236-1
Starting synth_design
Attempting to get a license for feature 'Synthesis' and/or device 'xc7a35t'
INFO: [Common 17-349] Got license for feature 'Synthesis' and/or device 'xc7a35t'
INFO: [Device 21-403] Loading part xc7a35tcpg236-1
INFO: Launching helper process for spawning children vivado processes
INFO: Helper process launched with PID 16024 
---------------------------------------------------------------------------------
Starting RTL Elaboration : Time (s): cpu = 00:00:03 ; elapsed = 00:00:03 . Memory (MB): peak = 826.957 ; gain = 177.484
---------------------------------------------------------------------------------
INFO: [Synth 8-638] synthesizing module 'multiplicador' [C:/ProyectosVivaldo/multiplicador_algoritmico/multiplicador_algoritmico.srcs/sources_1/new/multiplicador.vhd:16]
INFO: [Synth 8-3491] module 'cd' declared at 'C:/ProyectosVivaldo/multiplicador_algoritmico/multiplicador_algoritmico.srcs/sources_1/imports/Desktop/cd.vhd:7' bound to instance 'i_cd' of component 'cd' [C:/ProyectosVivaldo/multiplicador_algoritmico/multiplicador_algoritmico.srcs/sources_1/new/multiplicador.vhd:48]
INFO: [Synth 8-638] synthesizing module 'cd' [C:/ProyectosVivaldo/multiplicador_algoritmico/multiplicador_algoritmico.srcs/sources_1/imports/Desktop/cd.vhd:18]
INFO: [Synth 8-3491] module 'mux_8bits_2op' declared at 'C:/ProyectosVivaldo/multiplicador_algoritmico/multiplicador_algoritmico.srcs/sources_1/new/mux_8bits_2op.vhd:5' bound to instance 'mux_a' of component 'mux_8bits_2op' [C:/ProyectosVivaldo/multiplicador_algoritmico/multiplicador_algoritmico.srcs/sources_1/imports/Desktop/cd.vhd:110]
INFO: [Synth 8-638] synthesizing module 'mux_8bits_2op' [C:/ProyectosVivaldo/multiplicador_algoritmico/multiplicador_algoritmico.srcs/sources_1/new/mux_8bits_2op.vhd:13]
INFO: [Synth 8-256] done synthesizing module 'mux_8bits_2op' (1#1) [C:/ProyectosVivaldo/multiplicador_algoritmico/multiplicador_algoritmico.srcs/sources_1/new/mux_8bits_2op.vhd:13]
INFO: [Synth 8-3491] module 'mux_4bits_2op' declared at 'C:/ProyectosVivaldo/multiplicador_algoritmico/multiplicador_algoritmico.srcs/sources_1/new/mux.vhd:5' bound to instance 'mux_b' of component 'mux_4bits_2op' [C:/ProyectosVivaldo/multiplicador_algoritmico/multiplicador_algoritmico.srcs/sources_1/imports/Desktop/cd.vhd:117]
INFO: [Synth 8-638] synthesizing module 'mux_4bits_2op' [C:/ProyectosVivaldo/multiplicador_algoritmico/multiplicador_algoritmico.srcs/sources_1/new/mux.vhd:13]
INFO: [Synth 8-256] done synthesizing module 'mux_4bits_2op' (2#1) [C:/ProyectosVivaldo/multiplicador_algoritmico/multiplicador_algoritmico.srcs/sources_1/new/mux.vhd:13]
INFO: [Synth 8-3491] module 'mux_4bits_2op' declared at 'C:/ProyectosVivaldo/multiplicador_algoritmico/multiplicador_algoritmico.srcs/sources_1/new/mux.vhd:5' bound to instance 'mux_n' of component 'mux_4bits_2op' [C:/ProyectosVivaldo/multiplicador_algoritmico/multiplicador_algoritmico.srcs/sources_1/imports/Desktop/cd.vhd:124]
INFO: [Synth 8-3491] module 'mux_8bits_2op' declared at 'C:/ProyectosVivaldo/multiplicador_algoritmico/multiplicador_algoritmico.srcs/sources_1/new/mux_8bits_2op.vhd:5' bound to instance 'mux_acc' of component 'mux_8bits_2op' [C:/ProyectosVivaldo/multiplicador_algoritmico/multiplicador_algoritmico.srcs/sources_1/imports/Desktop/cd.vhd:131]
INFO: [Synth 8-3491] module 'adder8b' declared at 'C:/ProyectosVivaldo/multiplicador_algoritmico/multiplicador_algoritmico.srcs/sources_1/imports/lab1a/adder.vhd:5' bound to instance 'sumador' of component 'adder8b' [C:/ProyectosVivaldo/multiplicador_algoritmico/multiplicador_algoritmico.srcs/sources_1/imports/Desktop/cd.vhd:196]
INFO: [Synth 8-638] synthesizing module 'adder8b' [C:/ProyectosVivaldo/multiplicador_algoritmico/multiplicador_algoritmico.srcs/sources_1/imports/lab1a/adder.vhd:11]
INFO: [Synth 8-256] done synthesizing module 'adder8b' (3#1) [C:/ProyectosVivaldo/multiplicador_algoritmico/multiplicador_algoritmico.srcs/sources_1/imports/lab1a/adder.vhd:11]
INFO: [Synth 8-3491] module 'restador4b' declared at 'C:/ProyectosVivaldo/multiplicador_algoritmico/multiplicador_algoritmico.srcs/sources_1/new/restador.vhd:5' bound to instance 'restador' of component 'restador4b' [C:/ProyectosVivaldo/multiplicador_algoritmico/multiplicador_algoritmico.srcs/sources_1/imports/Desktop/cd.vhd:204]
INFO: [Synth 8-638] synthesizing module 'restador4b' [C:/ProyectosVivaldo/multiplicador_algoritmico/multiplicador_algoritmico.srcs/sources_1/new/restador.vhd:11]
INFO: [Synth 8-256] done synthesizing module 'restador4b' (4#1) [C:/ProyectosVivaldo/multiplicador_algoritmico/multiplicador_algoritmico.srcs/sources_1/new/restador.vhd:11]
INFO: [Synth 8-256] done synthesizing module 'cd' (5#1) [C:/ProyectosVivaldo/multiplicador_algoritmico/multiplicador_algoritmico.srcs/sources_1/imports/Desktop/cd.vhd:18]
INFO: [Synth 8-3491] module 'uc' declared at 'C:/ProyectosVivaldo/multiplicador_algoritmico/multiplicador_algoritmico.srcs/sources_1/imports/Desktop/uc.vhd:5' bound to instance 'i_uc' of component 'uc' [C:/ProyectosVivaldo/multiplicador_algoritmico/multiplicador_algoritmico.srcs/sources_1/new/multiplicador.vhd:57]
INFO: [Synth 8-638] synthesizing module 'uc' [C:/ProyectosVivaldo/multiplicador_algoritmico/multiplicador_algoritmico.srcs/sources_1/imports/Desktop/uc.vhd:15]
INFO: [Synth 8-256] done synthesizing module 'uc' (6#1) [C:/ProyectosVivaldo/multiplicador_algoritmico/multiplicador_algoritmico.srcs/sources_1/imports/Desktop/uc.vhd:15]
INFO: [Synth 8-256] done synthesizing module 'multiplicador' (7#1) [C:/ProyectosVivaldo/multiplicador_algoritmico/multiplicador_algoritmico.srcs/sources_1/new/multiplicador.vhd:16]
---------------------------------------------------------------------------------
Finished RTL Elaboration : Time (s): cpu = 00:00:04 ; elapsed = 00:00:04 . Memory (MB): peak = 890.598 ; gain = 241.125
---------------------------------------------------------------------------------

Report Check Netlist: 
+------+------------------+-------+---------+-------+------------------+
|      |Item              |Errors |Warnings |Status |Description       |
+------+------------------+-------+---------+-------+------------------+
|1     |multi_driven_nets |      0|        0|Passed |Multi driven nets |
+------+------------------+-------+---------+-------+------------------+
---------------------------------------------------------------------------------
Start Handling Custom Attributes
---------------------------------------------------------------------------------
---------------------------------------------------------------------------------
Finished Handling Custom Attributes : Time (s): cpu = 00:00:04 ; elapsed = 00:00:04 . Memory (MB): peak = 890.598 ; gain = 241.125
---------------------------------------------------------------------------------
---------------------------------------------------------------------------------
Finished RTL Optimization Phase 1 : Time (s): cpu = 00:00:04 ; elapsed = 00:00:04 . Memory (MB): peak = 890.598 ; gain = 241.125
---------------------------------------------------------------------------------
INFO: [Project 1-570] Preparing netlist for logic optimization

Processing XDC Constraints
Initializing timing engine
Parsing XDC File [C:/ProyectosVivaldo/multiplicador_algoritmico/multiplicador_algoritmico.srcs/constrs_1/imports/new/pins.xdc]
WARNING: [Vivado 12-584] No ports matched 'led[0]'. [C:/ProyectosVivaldo/multiplicador_algoritmico/multiplicador_algoritmico.srcs/constrs_1/imports/new/pins.xdc:47]
CRITICAL WARNING: [Common 17-55] 'set_property' expects at least one object. [C:/ProyectosVivaldo/multiplicador_algoritmico/multiplicador_algoritmico.srcs/constrs_1/imports/new/pins.xdc:47]
Resolution: If [get_<value>] was used to populate the object, check to make sure this command returns at least one valid object.
WARNING: [Vivado 12-584] No ports matched 'led[0]'. [C:/ProyectosVivaldo/multiplicador_algoritmico/multiplicador_algoritmico.srcs/constrs_1/imports/new/pins.xdc:48]
CRITICAL WARNING: [Common 17-55] 'set_property' expects at least one object. [C:/ProyectosVivaldo/multiplicador_algoritmico/multiplicador_algoritmico.srcs/constrs_1/imports/new/pins.xdc:48]
Resolution: If [get_<value>] was used to populate the object, check to make sure this command returns at least one valid object.
WARNING: [Vivado 12-584] No ports matched 'led[1]'. [C:/ProyectosVivaldo/multiplicador_algoritmico/multiplicador_algoritmico.srcs/constrs_1/imports/new/pins.xdc:49]
CRITICAL WARNING: [Common 17-55] 'set_property' expects at least one object. [C:/ProyectosVivaldo/multiplicador_algoritmico/multiplicador_algoritmico.srcs/constrs_1/imports/new/pins.xdc:49]
Resolution: If [get_<value>] was used to populate the object, check to make sure this command returns at least one valid object.
WARNING: [Vivado 12-584] No ports matched 'led[1]'. [C:/ProyectosVivaldo/multiplicador_algoritmico/multiplicador_algoritmico.srcs/constrs_1/imports/new/pins.xdc:50]
CRITICAL WARNING: [Common 17-55] 'set_property' expects at least one object. [C:/ProyectosVivaldo/multiplicador_algoritmico/multiplicador_algoritmico.srcs/constrs_1/imports/new/pins.xdc:50]
Resolution: If [get_<value>] was used to populate the object, check to make sure this command returns at least one valid object.
WARNING: [Vivado 12-584] No ports matched 'led[2]'. [C:/ProyectosVivaldo/multiplicador_algoritmico/multiplicador_algoritmico.srcs/constrs_1/imports/new/pins.xdc:51]
CRITICAL WARNING: [Common 17-55] 'set_property' expects at least one object. [C:/ProyectosVivaldo/multiplicador_algoritmico/multiplicador_algoritmico.srcs/constrs_1/imports/new/pins.xdc:51]
Resolution: If [get_<value>] was used to populate the object, check to make sure this command returns at least one valid object.
WARNING: [Vivado 12-584] No ports matched 'led[2]'. [C:/ProyectosVivaldo/multiplicador_algoritmico/multiplicador_algoritmico.srcs/constrs_1/imports/new/pins.xdc:52]
CRITICAL WARNING: [Common 17-55] 'set_property' expects at least one object. [C:/ProyectosVivaldo/multiplicador_algoritmico/multiplicador_algoritmico.srcs/constrs_1/imports/new/pins.xdc:52]
Resolution: If [get_<value>] was used to populate the object, check to make sure this command returns at least one valid object.
WARNING: [Vivado 12-584] No ports matched 'led[3]'. [C:/ProyectosVivaldo/multiplicador_algoritmico/multiplicador_algoritmico.srcs/constrs_1/imports/new/pins.xdc:53]
CRITICAL WARNING: [Common 17-55] 'set_property' expects at least one object. [C:/ProyectosVivaldo/multiplicador_algoritmico/multiplicador_algoritmico.srcs/constrs_1/imports/new/pins.xdc:53]
Resolution: If [get_<value>] was used to populate the object, check to make sure this command returns at least one valid object.
WARNING: [Vivado 12-584] No ports matched 'led[3]'. [C:/ProyectosVivaldo/multiplicador_algoritmico/multiplicador_algoritmico.srcs/constrs_1/imports/new/pins.xdc:54]
CRITICAL WARNING: [Common 17-55] 'set_property' expects at least one object. [C:/ProyectosVivaldo/multiplicador_algoritmico/multiplicador_algoritmico.srcs/constrs_1/imports/new/pins.xdc:54]
Resolution: If [get_<value>] was used to populate the object, check to make sure this command returns at least one valid object.
WARNING: [Vivado 12-584] No ports matched 'led[4]'. [C:/ProyectosVivaldo/multiplicador_algoritmico/multiplicador_algoritmico.srcs/constrs_1/imports/new/pins.xdc:55]
CRITICAL WARNING: [Common 17-55] 'set_property' expects at least one object. [C:/ProyectosVivaldo/multiplicador_algoritmico/multiplicador_algoritmico.srcs/constrs_1/imports/new/pins.xdc:55]
Resolution: If [get_<value>] was used to populate the object, check to make sure this command returns at least one valid object.
WARNING: [Vivado 12-584] No ports matched 'led[4]'. [C:/ProyectosVivaldo/multiplicador_algoritmico/multiplicador_algoritmico.srcs/constrs_1/imports/new/pins.xdc:56]
CRITICAL WARNING: [Common 17-55] 'set_property' expects at least one object. [C:/ProyectosVivaldo/multiplicador_algoritmico/multiplicador_algoritmico.srcs/constrs_1/imports/new/pins.xdc:56]
Resolution: If [get_<value>] was used to populate the object, check to make sure this command returns at least one valid object.
WARNING: [Vivado 12-584] No ports matched 'led[5]'. [C:/ProyectosVivaldo/multiplicador_algoritmico/multiplicador_algoritmico.srcs/constrs_1/imports/new/pins.xdc:57]
CRITICAL WARNING: [Common 17-55] 'set_property' expects at least one object. [C:/ProyectosVivaldo/multiplicador_algoritmico/multiplicador_algoritmico.srcs/constrs_1/imports/new/pins.xdc:57]
Resolution: If [get_<value>] was used to populate the object, check to make sure this command returns at least one valid object.
WARNING: [Vivado 12-584] No ports matched 'led[5]'. [C:/ProyectosVivaldo/multiplicador_algoritmico/multiplicador_algoritmico.srcs/constrs_1/imports/new/pins.xdc:58]
CRITICAL WARNING: [Common 17-55] 'set_property' expects at least one object. [C:/ProyectosVivaldo/multiplicador_algoritmico/multiplicador_algoritmico.srcs/constrs_1/imports/new/pins.xdc:58]
Resolution: If [get_<value>] was used to populate the object, check to make sure this command returns at least one valid object.
WARNING: [Vivado 12-584] No ports matched 'led[6]'. [C:/ProyectosVivaldo/multiplicador_algoritmico/multiplicador_algoritmico.srcs/constrs_1/imports/new/pins.xdc:59]
CRITICAL WARNING: [Common 17-55] 'set_property' expects at least one object. [C:/ProyectosVivaldo/multiplicador_algoritmico/multiplicador_algoritmico.srcs/constrs_1/imports/new/pins.xdc:59]
Resolution: If [get_<value>] was used to populate the object, check to make sure this command returns at least one valid object.
WARNING: [Vivado 12-584] No ports matched 'led[6]'. [C:/ProyectosVivaldo/multiplicador_algoritmico/multiplicador_algoritmico.srcs/constrs_1/imports/new/pins.xdc:60]
CRITICAL WARNING: [Common 17-55] 'set_property' expects at least one object. [C:/ProyectosVivaldo/multiplicador_algoritmico/multiplicador_algoritmico.srcs/constrs_1/imports/new/pins.xdc:60]
Resolution: If [get_<value>] was used to populate the object, check to make sure this command returns at least one valid object.
WARNING: [Vivado 12-584] No ports matched 'led[7]'. [C:/ProyectosVivaldo/multiplicador_algoritmico/multiplicador_algoritmico.srcs/constrs_1/imports/new/pins.xdc:61]
CRITICAL WARNING: [Common 17-55] 'set_property' expects at least one object. [C:/ProyectosVivaldo/multiplicador_algoritmico/multiplicador_algoritmico.srcs/constrs_1/imports/new/pins.xdc:61]
Resolution: If [get_<value>] was used to populate the object, check to make sure this command returns at least one valid object.
WARNING: [Vivado 12-584] No ports matched 'led[7]'. [C:/ProyectosVivaldo/multiplicador_algoritmico/multiplicador_algoritmico.srcs/constrs_1/imports/new/pins.xdc:62]
CRITICAL WARNING: [Common 17-55] 'set_property' expects at least one object. [C:/ProyectosVivaldo/multiplicador_algoritmico/multiplicador_algoritmico.srcs/constrs_1/imports/new/pins.xdc:62]
Resolution: If [get_<value>] was used to populate the object, check to make sure this command returns at least one valid object.
WARNING: [Vivado 12-584] No ports matched 'seg[0]'. [C:/ProyectosVivaldo/multiplicador_algoritmico/multiplicador_algoritmico.srcs/constrs_1/imports/new/pins.xdc:82]
CRITICAL WARNING: [Common 17-55] 'set_property' expects at least one object. [C:/ProyectosVivaldo/multiplicador_algoritmico/multiplicador_algoritmico.srcs/constrs_1/imports/new/pins.xdc:82]
Resolution: If [get_<value>] was used to populate the object, check to make sure this command returns at least one valid object.
WARNING: [Vivado 12-584] No ports matched 'seg[0]'. [C:/ProyectosVivaldo/multiplicador_algoritmico/multiplicador_algoritmico.srcs/constrs_1/imports/new/pins.xdc:83]
CRITICAL WARNING: [Common 17-55] 'set_property' expects at least one object. [C:/ProyectosVivaldo/multiplicador_algoritmico/multiplicador_algoritmico.srcs/constrs_1/imports/new/pins.xdc:83]
Resolution: If [get_<value>] was used to populate the object, check to make sure this command returns at least one valid object.
WARNING: [Vivado 12-584] No ports matched 'seg[1]'. [C:/ProyectosVivaldo/multiplicador_algoritmico/multiplicador_algoritmico.srcs/constrs_1/imports/new/pins.xdc:84]
CRITICAL WARNING: [Common 17-55] 'set_property' expects at least one object. [C:/ProyectosVivaldo/multiplicador_algoritmico/multiplicador_algoritmico.srcs/constrs_1/imports/new/pins.xdc:84]
Resolution: If [get_<value>] was used to populate the object, check to make sure this command returns at least one valid object.
WARNING: [Vivado 12-584] No ports matched 'seg[1]'. [C:/ProyectosVivaldo/multiplicador_algoritmico/multiplicador_algoritmico.srcs/constrs_1/imports/new/pins.xdc:85]
CRITICAL WARNING: [Common 17-55] 'set_property' expects at least one object. [C:/ProyectosVivaldo/multiplicador_algoritmico/multiplicador_algoritmico.srcs/constrs_1/imports/new/pins.xdc:85]
Resolution: If [get_<value>] was used to populate the object, check to make sure this command returns at least one valid object.
WARNING: [Vivado 12-584] No ports matched 'seg[2]'. [C:/ProyectosVivaldo/multiplicador_algoritmico/multiplicador_algoritmico.srcs/constrs_1/imports/new/pins.xdc:86]
CRITICAL WARNING: [Common 17-55] 'set_property' expects at least one object. [C:/ProyectosVivaldo/multiplicador_algoritmico/multiplicador_algoritmico.srcs/constrs_1/imports/new/pins.xdc:86]
Resolution: If [get_<value>] was used to populate the object, check to make sure this command returns at least one valid object.
WARNING: [Vivado 12-584] No ports matched 'seg[2]'. [C:/ProyectosVivaldo/multiplicador_algoritmico/multiplicador_algoritmico.srcs/constrs_1/imports/new/pins.xdc:87]
CRITICAL WARNING: [Common 17-55] 'set_property' expects at least one object. [C:/ProyectosVivaldo/multiplicador_algoritmico/multiplicador_algoritmico.srcs/constrs_1/imports/new/pins.xdc:87]
Resolution: If [get_<value>] was used to populate the object, check to make sure this command returns at least one valid object.
WARNING: [Vivado 12-584] No ports matched 'seg[3]'. [C:/ProyectosVivaldo/multiplicador_algoritmico/multiplicador_algoritmico.srcs/constrs_1/imports/new/pins.xdc:88]
CRITICAL WARNING: [Common 17-55] 'set_property' expects at least one object. [C:/ProyectosVivaldo/multiplicador_algoritmico/multiplicador_algoritmico.srcs/constrs_1/imports/new/pins.xdc:88]
Resolution: If [get_<value>] was used to populate the object, check to make sure this command returns at least one valid object.
WARNING: [Vivado 12-584] No ports matched 'seg[3]'. [C:/ProyectosVivaldo/multiplicador_algoritmico/multiplicador_algoritmico.srcs/constrs_1/imports/new/pins.xdc:89]
CRITICAL WARNING: [Common 17-55] 'set_property' expects at least one object. [C:/ProyectosVivaldo/multiplicador_algoritmico/multiplicador_algoritmico.srcs/constrs_1/imports/new/pins.xdc:89]
Resolution: If [get_<value>] was used to populate the object, check to make sure this command returns at least one valid object.
WARNING: [Vivado 12-584] No ports matched 'seg[4]'. [C:/ProyectosVivaldo/multiplicador_algoritmico/multiplicador_algoritmico.srcs/constrs_1/imports/new/pins.xdc:90]
CRITICAL WARNING: [Common 17-55] 'set_property' expects at least one object. [C:/ProyectosVivaldo/multiplicador_algoritmico/multiplicador_algoritmico.srcs/constrs_1/imports/new/pins.xdc:90]
Resolution: If [get_<value>] was used to populate the object, check to make sure this command returns at least one valid object.
WARNING: [Vivado 12-584] No ports matched 'seg[4]'. [C:/ProyectosVivaldo/multiplicador_algoritmico/multiplicador_algoritmico.srcs/constrs_1/imports/new/pins.xdc:91]
CRITICAL WARNING: [Common 17-55] 'set_property' expects at least one object. [C:/ProyectosVivaldo/multiplicador_algoritmico/multiplicador_algoritmico.srcs/constrs_1/imports/new/pins.xdc:91]
Resolution: If [get_<value>] was used to populate the object, check to make sure this command returns at least one valid object.
WARNING: [Vivado 12-584] No ports matched 'seg[5]'. [C:/ProyectosVivaldo/multiplicador_algoritmico/multiplicador_algoritmico.srcs/constrs_1/imports/new/pins.xdc:92]
CRITICAL WARNING: [Common 17-55] 'set_property' expects at least one object. [C:/ProyectosVivaldo/multiplicador_algoritmico/multiplicador_algoritmico.srcs/constrs_1/imports/new/pins.xdc:92]
Resolution: If [get_<value>] was used to populate the object, check to make sure this command returns at least one valid object.
WARNING: [Vivado 12-584] No ports matched 'seg[5]'. [C:/ProyectosVivaldo/multiplicador_algoritmico/multiplicador_algoritmico.srcs/constrs_1/imports/new/pins.xdc:93]
CRITICAL WARNING: [Common 17-55] 'set_property' expects at least one object. [C:/ProyectosVivaldo/multiplicador_algoritmico/multiplicador_algoritmico.srcs/constrs_1/imports/new/pins.xdc:93]
Resolution: If [get_<value>] was used to populate the object, check to make sure this command returns at least one valid object.
WARNING: [Vivado 12-584] No ports matched 'seg[6]'. [C:/ProyectosVivaldo/multiplicador_algoritmico/multiplicador_algoritmico.srcs/constrs_1/imports/new/pins.xdc:94]
CRITICAL WARNING: [Common 17-55] 'set_property' expects at least one object. [C:/ProyectosVivaldo/multiplicador_algoritmico/multiplicador_algoritmico.srcs/constrs_1/imports/new/pins.xdc:94]
Resolution: If [get_<value>] was used to populate the object, check to make sure this command returns at least one valid object.
WARNING: [Vivado 12-584] No ports matched 'seg[6]'. [C:/ProyectosVivaldo/multiplicador_algoritmico/multiplicador_algoritmico.srcs/constrs_1/imports/new/pins.xdc:95]
CRITICAL WARNING: [Common 17-55] 'set_property' expects at least one object. [C:/ProyectosVivaldo/multiplicador_algoritmico/multiplicador_algoritmico.srcs/constrs_1/imports/new/pins.xdc:95]
Resolution: If [get_<value>] was used to populate the object, check to make sure this command returns at least one valid object.
WARNING: [Vivado 12-584] No ports matched 'an[0]'. [C:/ProyectosVivaldo/multiplicador_algoritmico/multiplicador_algoritmico.srcs/constrs_1/imports/new/pins.xdc:100]
CRITICAL WARNING: [Common 17-55] 'set_property' expects at least one object. [C:/ProyectosVivaldo/multiplicador_algoritmico/multiplicador_algoritmico.srcs/constrs_1/imports/new/pins.xdc:100]
Resolution: If [get_<value>] was used to populate the object, check to make sure this command returns at least one valid object.
WARNING: [Vivado 12-584] No ports matched 'an[0]'. [C:/ProyectosVivaldo/multiplicador_algoritmico/multiplicador_algoritmico.srcs/constrs_1/imports/new/pins.xdc:101]
CRITICAL WARNING: [Common 17-55] 'set_property' expects at least one object. [C:/ProyectosVivaldo/multiplicador_algoritmico/multiplicador_algoritmico.srcs/constrs_1/imports/new/pins.xdc:101]
Resolution: If [get_<value>] was used to populate the object, check to make sure this command returns at least one valid object.
WARNING: [Vivado 12-584] No ports matched 'an[1]'. [C:/ProyectosVivaldo/multiplicador_algoritmico/multiplicador_algoritmico.srcs/constrs_1/imports/new/pins.xdc:102]
CRITICAL WARNING: [Common 17-55] 'set_property' expects at least one object. [C:/ProyectosVivaldo/multiplicador_algoritmico/multiplicador_algoritmico.srcs/constrs_1/imports/new/pins.xdc:102]
Resolution: If [get_<value>] was used to populate the object, check to make sure this command returns at least one valid object.
WARNING: [Vivado 12-584] No ports matched 'an[1]'. [C:/ProyectosVivaldo/multiplicador_algoritmico/multiplicador_algoritmico.srcs/constrs_1/imports/new/pins.xdc:103]
CRITICAL WARNING: [Common 17-55] 'set_property' expects at least one object. [C:/ProyectosVivaldo/multiplicador_algoritmico/multiplicador_algoritmico.srcs/constrs_1/imports/new/pins.xdc:103]
Resolution: If [get_<value>] was used to populate the object, check to make sure this command returns at least one valid object.
WARNING: [Vivado 12-584] No ports matched 'an[2]'. [C:/ProyectosVivaldo/multiplicador_algoritmico/multiplicador_algoritmico.srcs/constrs_1/imports/new/pins.xdc:104]
CRITICAL WARNING: [Common 17-55] 'set_property' expects at least one object. [C:/ProyectosVivaldo/multiplicador_algoritmico/multiplicador_algoritmico.srcs/constrs_1/imports/new/pins.xdc:104]
Resolution: If [get_<value>] was used to populate the object, check to make sure this command returns at least one valid object.
WARNING: [Vivado 12-584] No ports matched 'an[2]'. [C:/ProyectosVivaldo/multiplicador_algoritmico/multiplicador_algoritmico.srcs/constrs_1/imports/new/pins.xdc:105]
CRITICAL WARNING: [Common 17-55] 'set_property' expects at least one object. [C:/ProyectosVivaldo/multiplicador_algoritmico/multiplicador_algoritmico.srcs/constrs_1/imports/new/pins.xdc:105]
Resolution: If [get_<value>] was used to populate the object, check to make sure this command returns at least one valid object.
WARNING: [Vivado 12-584] No ports matched 'an[3]'. [C:/ProyectosVivaldo/multiplicador_algoritmico/multiplicador_algoritmico.srcs/constrs_1/imports/new/pins.xdc:106]
CRITICAL WARNING: [Common 17-55] 'set_property' expects at least one object. [C:/ProyectosVivaldo/multiplicador_algoritmico/multiplicador_algoritmico.srcs/constrs_1/imports/new/pins.xdc:106]
Resolution: If [get_<value>] was used to populate the object, check to make sure this command returns at least one valid object.
WARNING: [Vivado 12-584] No ports matched 'an[3]'. [C:/ProyectosVivaldo/multiplicador_algoritmico/multiplicador_algoritmico.srcs/constrs_1/imports/new/pins.xdc:107]
CRITICAL WARNING: [Common 17-55] 'set_property' expects at least one object. [C:/ProyectosVivaldo/multiplicador_algoritmico/multiplicador_algoritmico.srcs/constrs_1/imports/new/pins.xdc:107]
Resolution: If [get_<value>] was used to populate the object, check to make sure this command returns at least one valid object.
Finished Parsing XDC File [C:/ProyectosVivaldo/multiplicador_algoritmico/multiplicador_algoritmico.srcs/constrs_1/imports/new/pins.xdc]
INFO: [Project 1-236] Implementation specific constraints were found while reading constraint file [C:/ProyectosVivaldo/multiplicador_algoritmico/multiplicador_algoritmico.srcs/constrs_1/imports/new/pins.xdc]. These constraints will be ignored for synthesis but will be used in implementation. Impacted constraints are listed in the file [.Xil/multiplicador_propImpl.xdc].
Resolution: To avoid this warning, move constraints listed in [.Xil/multiplicador_propImpl.xdc] to another XDC file and exclude this new file from synthesis with the used_in_synthesis property (File Properties dialog in GUI) and re-run elaboration/synthesis.
Completed Processing XDC Constraints

Netlist sorting complete. Time (s): cpu = 00:00:00 ; elapsed = 00:00:00 . Memory (MB): peak = 997.492 ; gain = 0.000
INFO: [Project 1-111] Unisim Transformation Summary:
No Unisim elements were transformed.

Constraint Validation Runtime : Time (s): cpu = 00:00:00 ; elapsed = 00:00:00.002 . Memory (MB): peak = 997.492 ; gain = 0.000
---------------------------------------------------------------------------------
Finished Constraint Validation : Time (s): cpu = 00:00:08 ; elapsed = 00:00:09 . Memory (MB): peak = 997.492 ; gain = 348.020
---------------------------------------------------------------------------------
---------------------------------------------------------------------------------
Start Loading Part and Timing Information
---------------------------------------------------------------------------------
Loading part: xc7a35tcpg236-1
---------------------------------------------------------------------------------
Finished Loading Part and Timing Information : Time (s): cpu = 00:00:08 ; elapsed = 00:00:09 . Memory (MB): peak = 997.492 ; gain = 348.020
---------------------------------------------------------------------------------
---------------------------------------------------------------------------------
Start Applying 'set_property' XDC Constraints
---------------------------------------------------------------------------------
---------------------------------------------------------------------------------
Finished applying 'set_property' XDC Constraints : Time (s): cpu = 00:00:08 ; elapsed = 00:00:09 . Memory (MB): peak = 997.492 ; gain = 348.020
---------------------------------------------------------------------------------
INFO: [Synth 8-802] inferred FSM for state register 'estado_actual_reg' in module 'uc'
INFO: [Synth 8-5544] ROM "ctrl" won't be mapped to Block RAM because address size (3) smaller than threshold (5)
---------------------------------------------------------------------------------------------------
                   State |                     New Encoding |                Previous Encoding 
---------------------------------------------------------------------------------------------------
                      s0 |                              000 |                              000
                      s1 |                              001 |                              001
                      s2 |                              010 |                              010
                      s3 |                              011 |                              011
                      s4 |                              100 |                              100
---------------------------------------------------------------------------------------------------
INFO: [Synth 8-3354] encoded FSM with state register 'estado_actual_reg' using encoding 'sequential' in module 'uc'
---------------------------------------------------------------------------------
Finished RTL Optimization Phase 2 : Time (s): cpu = 00:00:08 ; elapsed = 00:00:09 . Memory (MB): peak = 997.492 ; gain = 348.020
---------------------------------------------------------------------------------

Report RTL Partitions: 
+-+--------------+------------+----------+
| |RTL Partition |Replication |Instances |
+-+--------------+------------+----------+
+-+--------------+------------+----------+
---------------------------------------------------------------------------------
Start RTL Component Statistics 
---------------------------------------------------------------------------------
Detailed RTL Component Info : 
+---Adders : 
	   2 Input      8 Bit       Adders := 1     
	   3 Input      4 Bit       Adders := 1     
+---Registers : 
	                8 Bit    Registers := 2     
	                4 Bit    Registers := 2     
+---Muxes : 
	   2 Input      8 Bit        Muxes := 2     
	   5 Input      8 Bit        Muxes := 1     
	   2 Input      4 Bit        Muxes := 2     
	   5 Input      3 Bit        Muxes := 1     
	   2 Input      3 Bit        Muxes := 3     
	   2 Input      1 Bit        Muxes := 1     
	   5 Input      1 Bit        Muxes := 1     
---------------------------------------------------------------------------------
Finished RTL Component Statistics 
---------------------------------------------------------------------------------
---------------------------------------------------------------------------------
Start RTL Hierarchical Component Statistics 
---------------------------------------------------------------------------------
Hierarchical RTL Component report 
Module mux_8bits_2op 
Detailed RTL Component Info : 
+---Muxes : 
	   2 Input      8 Bit        Muxes := 1     
Module mux_4bits_2op 
Detailed RTL Component Info : 
+---Muxes : 
	   2 Input      4 Bit        Muxes := 1     
Module adder8b 
Detailed RTL Component Info : 
+---Adders : 
	   2 Input      8 Bit       Adders := 1     
Module restador4b 
Detailed RTL Component Info : 
+---Adders : 
	   3 Input      4 Bit       Adders := 1     
Module cd 
Detailed RTL Component Info : 
+---Registers : 
	                8 Bit    Registers := 2     
	                4 Bit    Registers := 2     
+---Muxes : 
	   2 Input      1 Bit        Muxes := 1     
Module uc 
Detailed RTL Component Info : 
+---Muxes : 
	   5 Input      8 Bit        Muxes := 1     
	   5 Input      3 Bit        Muxes := 1     
	   2 Input      3 Bit        Muxes := 3     
	   5 Input      1 Bit        Muxes := 1     
---------------------------------------------------------------------------------
Finished RTL Hierarchical Component Statistics
---------------------------------------------------------------------------------
---------------------------------------------------------------------------------
Start Part Resource Summary
---------------------------------------------------------------------------------
Part Resources:
DSPs: 90 (col length:60)
BRAMs: 100 (col length: RAMB18 60 RAMB36 30)
---------------------------------------------------------------------------------
Finished Part Resource Summary
---------------------------------------------------------------------------------
---------------------------------------------------------------------------------
Start Cross Boundary and Area Optimization
---------------------------------------------------------------------------------
Warning: Parallel synthesis criteria is not met 
---------------------------------------------------------------------------------
Finished Cross Boundary and Area Optimization : Time (s): cpu = 00:00:09 ; elapsed = 00:00:10 . Memory (MB): peak = 997.492 ; gain = 348.020
---------------------------------------------------------------------------------

Report RTL Partitions: 
+-+--------------+------------+----------+
| |RTL Partition |Replication |Instances |
+-+--------------+------------+----------+
+-+--------------+------------+----------+
---------------------------------------------------------------------------------
Start Applying XDC Timing Constraints
---------------------------------------------------------------------------------
---------------------------------------------------------------------------------
Finished Applying XDC Timing Constraints : Time (s): cpu = 00:00:16 ; elapsed = 00:00:16 . Memory (MB): peak = 997.492 ; gain = 348.020
---------------------------------------------------------------------------------
---------------------------------------------------------------------------------
Start Timing Optimization
---------------------------------------------------------------------------------
---------------------------------------------------------------------------------
Finished Timing Optimization : Time (s): cpu = 00:00:16 ; elapsed = 00:00:16 . Memory (MB): peak = 1005.148 ; gain = 355.676
---------------------------------------------------------------------------------

Report RTL Partitions: 
+-+--------------+------------+----------+
| |RTL Partition |Replication |Instances |
+-+--------------+------------+----------+
+-+--------------+------------+----------+
---------------------------------------------------------------------------------
Start Technology Mapping
---------------------------------------------------------------------------------
---------------------------------------------------------------------------------
Finished Technology Mapping : Time (s): cpu = 00:00:16 ; elapsed = 00:00:16 . Memory (MB): peak = 1005.953 ; gain = 356.480
---------------------------------------------------------------------------------

Report RTL Partitions: 
+-+--------------+------------+----------+
| |RTL Partition |Replication |Instances |
+-+--------------+------------+----------+
+-+--------------+------------+----------+
---------------------------------------------------------------------------------
Start IO Insertion
---------------------------------------------------------------------------------
---------------------------------------------------------------------------------
Start Flattening Before IO Insertion
---------------------------------------------------------------------------------
---------------------------------------------------------------------------------
Finished Flattening Before IO Insertion
---------------------------------------------------------------------------------
---------------------------------------------------------------------------------
Start Final Netlist Cleanup
---------------------------------------------------------------------------------
---------------------------------------------------------------------------------
Finished Final Netlist Cleanup
---------------------------------------------------------------------------------
---------------------------------------------------------------------------------
Finished IO Insertion : Time (s): cpu = 00:00:17 ; elapsed = 00:00:18 . Memory (MB): peak = 1012.723 ; gain = 363.250
---------------------------------------------------------------------------------

Report Check Netlist: 
+------+------------------+-------+---------+-------+------------------+
|      |Item              |Errors |Warnings |Status |Description       |
+------+------------------+-------+---------+-------+------------------+
|1     |multi_driven_nets |      0|        0|Passed |Multi driven nets |
+------+------------------+-------+---------+-------+------------------+
---------------------------------------------------------------------------------
Start Renaming Generated Instances
---------------------------------------------------------------------------------
---------------------------------------------------------------------------------
Finished Renaming Generated Instances : Time (s): cpu = 00:00:17 ; elapsed = 00:00:18 . Memory (MB): peak = 1012.723 ; gain = 363.250
---------------------------------------------------------------------------------

Report RTL Partitions: 
+-+--------------+------------+----------+
| |RTL Partition |Replication |Instances |
+-+--------------+------------+----------+
+-+--------------+------------+----------+
---------------------------------------------------------------------------------
Start Rebuilding User Hierarchy
---------------------------------------------------------------------------------
---------------------------------------------------------------------------------
Finished Rebuilding User Hierarchy : Time (s): cpu = 00:00:17 ; elapsed = 00:00:18 . Memory (MB): peak = 1012.723 ; gain = 363.250
---------------------------------------------------------------------------------
---------------------------------------------------------------------------------
Start Renaming Generated Ports
---------------------------------------------------------------------------------
---------------------------------------------------------------------------------
Finished Renaming Generated Ports : Time (s): cpu = 00:00:17 ; elapsed = 00:00:18 . Memory (MB): peak = 1012.723 ; gain = 363.250
---------------------------------------------------------------------------------
---------------------------------------------------------------------------------
Start Handling Custom Attributes
---------------------------------------------------------------------------------
---------------------------------------------------------------------------------
Finished Handling Custom Attributes : Time (s): cpu = 00:00:17 ; elapsed = 00:00:18 . Memory (MB): peak = 1012.723 ; gain = 363.250
---------------------------------------------------------------------------------
---------------------------------------------------------------------------------
Start Renaming Generated Nets
---------------------------------------------------------------------------------
---------------------------------------------------------------------------------
Finished Renaming Generated Nets : Time (s): cpu = 00:00:17 ; elapsed = 00:00:18 . Memory (MB): peak = 1012.723 ; gain = 363.250
---------------------------------------------------------------------------------
---------------------------------------------------------------------------------
Start Writing Synthesis Report
---------------------------------------------------------------------------------

Report BlackBoxes: 
+-+--------------+----------+
| |BlackBox name |Instances |
+-+--------------+----------+
+-+--------------+----------+

Report Cell Usage: 
+------+-------+------+
|      |Cell   |Count |
+------+-------+------+
|1     |BUFG   |     1|
|2     |CARRY4 |     2|
|3     |LUT1   |     1|
|4     |LUT2   |     1|
|5     |LUT3   |     3|
|6     |LUT4   |    15|
|7     |LUT5   |    18|
|8     |LUT6   |     2|
|9     |FDCE   |    27|
|10    |IBUF   |    11|
|11    |OBUF   |     9|
+------+-------+------+

Report Instance Areas: 
+------+------------+--------------+------+
|      |Instance    |Module        |Cells |
+------+------------+--------------+------+
|1     |top         |              |    90|
|2     |  i_cd      |cd            |    30|
|3     |    mux_acc |mux_8bits_2op |     2|
|4     |  i_uc      |uc            |    39|
+------+------------+--------------+------+
---------------------------------------------------------------------------------
Finished Writing Synthesis Report : Time (s): cpu = 00:00:17 ; elapsed = 00:00:18 . Memory (MB): peak = 1012.723 ; gain = 363.250
---------------------------------------------------------------------------------
Synthesis finished with 0 errors, 0 critical warnings and 0 warnings.
Synthesis Optimization Runtime : Time (s): cpu = 00:00:11 ; elapsed = 00:00:16 . Memory (MB): peak = 1012.723 ; gain = 256.355
Synthesis Optimization Complete : Time (s): cpu = 00:00:17 ; elapsed = 00:00:18 . Memory (MB): peak = 1012.723 ; gain = 363.250
INFO: [Project 1-571] Translating synthesized netlist
INFO: [Netlist 29-17] Analyzing 2 Unisim elements for replacement
INFO: [Netlist 29-28] Unisim Transformation completed in 1 CPU seconds
INFO: [Project 1-570] Preparing netlist for logic optimization
INFO: [Opt 31-138] Pushed 0 inverter(s) to 0 load pin(s).
Netlist sorting complete. Time (s): cpu = 00:00:00 ; elapsed = 00:00:00.001 . Memory (MB): peak = 1032.305 ; gain = 0.000
INFO: [Project 1-111] Unisim Transformation Summary:
No Unisim elements were transformed.

INFO: [Common 17-83] Releasing license: Synthesis
37 Infos, 38 Warnings, 38 Critical Warnings and 0 Errors encountered.
synth_design completed successfully
synth_design: Time (s): cpu = 00:00:22 ; elapsed = 00:00:24 . Memory (MB): peak = 1032.305 ; gain = 638.340
Netlist sorting complete. Time (s): cpu = 00:00:00 ; elapsed = 00:00:00 . Memory (MB): peak = 1032.305 ; gain = 0.000
WARNING: [Constraints 18-5210] No constraints selected for write.
Resolution: This message can indicate that there are no constraints for the design, or it can indicate that the used_in flags are set such that the constraints are ignored. This later case is used when running synth_design to not write synthesis constraints to the resulting checkpoint. Instead, project constraints are read when the synthesized design is opened.
INFO: [Common 17-1381] The checkpoint 'C:/ProyectosVivaldo/multiplicador_algoritmico/multiplicador_algoritmico.runs/synth_1/multiplicador.dcp' has been generated.
INFO: [runtcl-4] Executing : report_utilization -file multiplicador_utilization_synth.rpt -pb multiplicador_utilization_synth.pb
INFO: [Common 17-206] Exiting Vivado at Fri Nov 27 20:46:24 2020...
