#-----------------------------------------------------------
# Vivado v2019.1 (64-bit)
# SW Build 2552052 on Fri May 24 14:49:42 MDT 2019
# IP Build 2548770 on Fri May 24 18:01:18 MDT 2019
# Start of session at: Sun Dec 13 16:01:22 2020
# Process ID: 5908
# Current directory: C:/ProyectosVivaldo/maquina_tragaperras
# Command line: vivado.exe -gui_launcher_event rodinguilauncherevent1340 C:\ProyectosVivaldo\maquina_tragaperras\maquina_tragaperras.xpr
# Log file: C:/ProyectosVivaldo/maquina_tragaperras/vivado.log
# Journal file: C:/ProyectosVivaldo/maquina_tragaperras\vivado.jou
#-----------------------------------------------------------
start_gui
open_project C:/ProyectosVivaldo/maquina_tragaperras/maquina_tragaperras.xpr
Scanning sources...
Finished scanning sources
INFO: [IP_Flow 19-234] Refreshing IP repositories
INFO: [IP_Flow 19-1704] No user IP repositories specified
INFO: [IP_Flow 19-2313] Loaded Vivado IP repository 'D:/Vivado19/Vivado/2019.1/data/ip'.
open_project: Time (s): cpu = 00:00:16 ; elapsed = 00:00:08 . Memory (MB): peak = 853.320 ; gain = 221.988
update_compile_order -fileset sources_1
open_run impl_1
INFO: [Device 21-403] Loading part xc7a35tcpg236-1
INFO: [Netlist 29-17] Analyzing 36 Unisim elements for replacement
INFO: [Netlist 29-28] Unisim Transformation completed in 0 CPU seconds
INFO: [Project 1-479] Netlist was created with Vivado 2019.1
INFO: [Project 1-570] Preparing netlist for logic optimization
INFO: [Timing 38-478] Restoring timing data from binary archive.
INFO: [Timing 38-479] Binary timing data restore complete.
INFO: [Project 1-856] Restoring constraints from binary archive.
INFO: [Project 1-853] Binary constraint restore complete.
Reading XDEF placement.
Reading placer database...
Reading XDEF routing.
Read XDEF File: Time (s): cpu = 00:00:00 ; elapsed = 00:00:00.126 . Memory (MB): peak = 1829.660 ; gain = 0.000
Restored from archive | CPU: 0.000000 secs | Memory: 0.000000 MB |
Finished XDEF File Restore: Time (s): cpu = 00:00:00 ; elapsed = 00:00:00.131 . Memory (MB): peak = 1829.660 ; gain = 0.000
Netlist sorting complete. Time (s): cpu = 00:00:00 ; elapsed = 00:00:00 . Memory (MB): peak = 1829.660 ; gain = 0.000
INFO: [Project 1-111] Unisim Transformation Summary:
No Unisim elements were transformed.

open_run: Time (s): cpu = 00:00:28 ; elapsed = 00:00:24 . Memory (MB): peak = 1945.902 ; gain = 358.742
report_timing_summary -delay_type min_max -report_unconstrained -check_timing_verbose -max_paths 10 -input_pins -routable_nets -name timing_1
INFO: [Timing 38-91] UpdateTimingParams: Speed grade: -1, Delay Type: min_max.
INFO: [Timing 38-191] Multithreading enabled for timing update using a maximum of 2 CPUs
exit
INFO: [Common 17-206] Exiting Vivado at Sun Dec 13 16:43:16 2020...
